Log file open, 06/09/15 00:48:20
LogInit:Display: Running engine for game: thecubesample
LogInit: Version: 4.7.6-2513093+++depot+UE4-Releases+4.7
LogInit: API Version: 2455222
LogInit: Compiled (64-bit): Apr 15 2015 12:09:54
LogInit: Compiled with Visual C++: 18.00.21005.01
LogInit: Build Configuration: Development
LogInit: Branch Name: ++depot+UE4-Releases+4.7
LogInit: Command line:  
LogInit: Base directory: C:/Program Files/Epic Games/4.7/Engine/Binaries/Win64/
LogInit: Rocket: 1
[2015.06.08-12.48.20:550][  0]LogTaskGraph: Started task graph with 3 named threads and 6 total threads.
[2015.06.08-12.48.20:613][  0]LogOnline:Warning: No default platform service specified for OnlineSubsystem
[2015.06.08-12.48.20:634][  0]LogInit: Presizing for 0 objects not considered by GC, pre-allocating 0 bytes.
[2015.06.08-12.48.20:649][  0]LogInit: Object subsystem initialized
[2015.06.08-12.48.20:652][  0]LogConsoleResponse:Warning: Skipping Unknown console variable: 'TranslucentSortAxis = (X=0.000000,Y=-1.000000,Z=0.000000)'
[2015.06.08-12.48.20:652][  0]LogConsoleResponse:Warning:   Found in ini file 'C:/Users/mrgrr/Documents/Unreal Projects/thecubesample/Saved/Config/Windows/Engine.ini', in section '[/Script/Engine.RendererSettings]'
[2015.06.08-12.48.20:652][  0]LogConsoleResponse:Warning: Skipping Unknown console variable: 'UIScaleRule = ShortestSide'
[2015.06.08-12.48.20:652][  0]LogConsoleResponse:Warning:   Found in ini file 'C:/Users/mrgrr/Documents/Unreal Projects/thecubesample/Saved/Config/Windows/Engine.ini', in section '[/Script/Engine.RendererSettings]'
[2015.06.08-12.48.20:652][  0]LogConsoleResponse:Warning: Skipping Unknown console variable: 'UIScaleCurve = (EditorCurveData=(Keys=),ExternalCurve=None)'
[2015.06.08-12.48.20:652][  0]LogConsoleResponse:Warning:   Found in ini file 'C:/Users/mrgrr/Documents/Unreal Projects/thecubesample/Saved/Config/Windows/Engine.ini', in section '[/Script/Engine.RendererSettings]'
[2015.06.08-12.48.20:652][  0]LogInit: Selected Device Profile: [Windows]
[2015.06.08-12.48.20:652][  0]LogInit: Applying CVar settings loaded from the selected device profile: [Windows]
[2015.06.08-12.48.20:660][  0]LogInit: Computer: MRGRR-PC
[2015.06.08-12.48.20:660][  0]LogInit: User: mrgrr
[2015.06.08-12.48.20:660][  0]LogInit: CPU Page size=4096, Cores=4
[2015.06.08-12.48.20:660][  0]LogInit: High frequency timer resolution =2.604150 MHz
[2015.06.08-12.48.20:661][  0]LogMemory: Memory total: Physical=4.0GB (4GB approx) Virtual=8192.0GB
[2015.06.08-12.48.20:661][  0]LogMemory: Platform Memory Stats for Windows
[2015.06.08-12.48.20:661][  0]LogMemory: Process Physical Memory: 46.95 MB used, 46.95 MB peak
[2015.06.08-12.48.20:661][  0]LogMemory: Process Virtual Memory: 23.40 MB used, 23.40 MB peak
[2015.06.08-12.48.20:661][  0]LogMemory: Physical Memory: 2576.90 MB used, 4084.60 MB total
[2015.06.08-12.48.20:661][  0]LogMemory: Virtual Memory: 276.16 MB used, 8388608.00 MB total
[2015.06.08-12.48.20:702][  0]LogD3D11RHI: Found D3D11 adapter 0: NVIDIA GeForce GTX 650 (Feature Level 11_0)
[2015.06.08-12.48.20:702][  0]LogD3D11RHI: Adapter has 1990MB of dedicated video memory, 0MB of dedicated system memory, and 1786MB of shared system memory, 2 output[s]
[2015.06.08-12.48.20:702][  0]LogD3D11RHI: Chosen D3D11 Adapter Id = 0
[2015.06.08-12.48.20:713][  0]LogRHI: Texture pool is 1361 MB (70% of 1945 MB)
[2015.06.08-12.48.20:726][  0]LogD3D11RHI: Async texture creation enabled
[2015.06.08-12.48.20:796][  0]LogTextLocalizationManager: The requested culture ('en_NZ') has no localization data; parent culture's ('en') localization data will be used.
[2015.06.08-12.48.20:891][  0]LogTextLocalizationManager:Warning: Loading localization resources contain conflicting entries for (Namespace:UICommands, Key:Save_ToolTip):
Resource: (C:/Program Files/Epic Games/4.7/Engine/Content/Localization/Editor/en/Editor.locres) Hash: (-29098895) String: (Saves the current level to disk)
Resource: (C:/Program Files/Epic Games/4.7/Engine/Content/Localization/Engine/en/Engine.locres) Hash: (-1280300587) String: (Save selected data to vlog file)
[2015.06.08-12.48.20:891][  0]LogTextLocalizationManager:Warning: Loading localization resources contain conflicting entries for (Namespace:ContentBrowser, Key:ImportAssetToolTip):
Resource: (C:/Program Files/Epic Games/4.7/Engine/Content/Localization/Editor/en/Editor.locres) Hash: (-630476809) String: (Import to {0}...)
Resource: (C:/Program Files/Epic Games/4.7/Engine/Content/Localization/Editor/en/Editor.locres) Hash: (1271782899) String: (Imports an asset from file to this folder.)
[2015.06.08-12.48.21:018][  0]LogContentStreaming: Texture pool size is 0.000000MB
[2015.06.08-12.48.24:295][  0]LogTargetPlatformManager:Display: Building Assets For Windows
[2015.06.08-12.48.25:014][  0]LogTargetPlatformManager:Display: Building Assets For Windows
[2015.06.08-12.48.25:105][  0]LogDerivedDataCache:Display: Max Cache Size: 512 MB
[2015.06.08-12.48.25:204][  0]LogDerivedDataCache: Loaded boot cache 0.10s 39MB C:/Users/mrgrr/AppData/Local/UnrealEngine/4.7/DerivedDataCache/Boot.ddc.
[2015.06.08-12.48.25:204][  0]LogDerivedDataCache:Display: Loaded Boot cache: C:/Users/mrgrr/AppData/Local/UnrealEngine/4.7/DerivedDataCache/Boot.ddc
[2015.06.08-12.48.25:204][  0]LogDerivedDataCache: FDerivedDataBackendGraph:  Pak pak cache file ../../../../../../Users/mrgrr/Documents/Unreal Projects/thecubesample/DerivedDataCache/DDC.ddp not found, will not use a pak cache.
[2015.06.08-12.48.25:204][  0]LogDerivedDataCache: Unable to find inner node Pak for hierarchical cache Hierarchy.
[2015.06.08-12.48.25:376][  0]LogDerivedDataCache:Display: Pak cache opened for reading ../../../Engine/DerivedDataCache/Compressed.ddp.
[2015.06.08-12.48.25:387][  0]LogDerivedDataCache: Using Local data cache path C:/Users/mrgrr/AppData/Local/UnrealEngine/Common/DerivedDataCache: Writable
[2015.06.08-12.48.25:864][  0]LogMeshUtilities: No automatic mesh reduction module available
[2015.06.08-12.48.25:864][  0]LogMeshUtilities: No automatic mesh merging module available
[2015.06.08-12.48.26:457][  0]LogInit: WinSock: version 1.1 (2.2), MaxSocks=32767, MaxUdp=65467
[2015.06.08-12.48.26:573][  0]LogSlate:Warning: Failed to load font data from '../../../Engine/Content/Slate/Fonts/Roboto-Italic.ttf'
[2015.06.08-12.48.27:728][  0]UdpMessaging: Initializing bridge on interface 0.0.0.0:0 to multicast group 230.0.0.1:6666.
[2015.06.08-12.48.28:002][  0]SourceControl: Info Source control is disabled
[2015.06.08-12.48.28:002][  0]SourceControl: Info Source control is disabled
[2015.06.08-12.48.28:002][  0]SourceControl: Info Source control is disabled
[2015.06.08-12.48.28:002][  0]LogSourceControl: RunCommandInternalRaw: 'git version'
[2015.06.08-12.48.28:002][  0]LogSourceControl: RunCommandInternalRaw: ExecProcess ReturnCode=2 OutResults=''
[2015.06.08-12.48.28:016][  0]LogSourceControl: RunCommandInternalRaw: 'git version'
[2015.06.08-12.48.28:024][  0]LogSourceControl: RunCommandInternalRaw: ExecProcess ReturnCode=0 OutResults='git version 1.9.5.msysgit.1
'
[2015.06.08-12.48.28:294][  0]LogObj: 24232 objects as part of root set at end of initial load.
[2015.06.08-12.48.28:294][  0]LogUObjectAllocator: 5137176 out of 0 bytes used by permanent object pool.
[2015.06.08-12.48.28:413][  0]LogEngine: Initializing Engine...
[2015.06.08-12.48.30:662][  0]LogInit: XAudio2 using 'Speakers (SB Audigy)' : 2 channels at 48 kHz using 16 bits per sample (channel mask 0x3)
[2015.06.08-12.48.30:677][  0]LogInit: FAudioDevice initialized.
[2015.06.08-12.48.30:732][  0]LogAIModule: Creating AISystem for world NewWorld
[2015.06.08-12.48.30:777][  0]LogDerivedDataCache: Saved boot cache 0.04s 39MB C:/Users/mrgrr/AppData/Local/UnrealEngine/4.7/DerivedDataCache/Boot.ddc.
[2015.06.08-12.48.30:794][  0]LogInit: Texture streaming: Enabled
[2015.06.08-12.48.30:929][  0]LogAnalytics: Creating configured Analytics provider AnalyticsET
[2015.06.08-12.48.30:929][  0]LogAnalytics: ET APIKey = Rocket.Release. APIServer = http://et2.epicgames.com/ET2/. AppVersion = 4.7.6-2513093+++depot+UE4-Releases+4.7
[2015.06.08-12.48.30:929][  0]LogAnalytics: ET APIKey = Rocket.Release. DataRouterUploadURL = https://datarouter-public-service-gamedev.ol.epicgames.net/datarouter/api/v1/public/data. AppVersion = 4.7.6-2513093+++depot+UE4-Releases+4.7
[2015.06.08-12.48.30:929][  0]LogAnalytics: SetUserId 014b12534dc8c25c95768c9d86deec0a|1a0a8db26f314d8b8a3ff3e4016995a0|745074f4-28fc-4501-9d84-d15333363416
[2015.06.08-12.48.30:929][  0]LogAnalytics: AnalyticsET::StartSession [Rocket.Release]
[2015.06.08-12.48.30:956][  0]LogInit: Transaction tracking system initialized
[2015.06.08-12.48.31:208][  0]BlueprintLog: New page: Editor Load
[2015.06.08-12.48.31:253][  0]LogAssetRegistry: FAssetRegistry took 0.0094 seconds to start up
[2015.06.08-12.48.31:254][  0]LogDirectoryWatcher:Warning: Failed to begin reading directory changes for ../../../Engine/Plugins/Experimental/CharacterAI/Content/. Error: 0
[2015.06.08-12.48.32:018][  0]LogTargetPlatformManager:Display: Building Assets For Windows
[2015.06.08-12.48.32:521][  0]LogTargetPlatformManager:Display: Building Assets For Windows
[2015.06.08-12.48.32:915][  0]LogSlate:Warning: Failed to load font data from '../../../Engine/Content/Editor/Slate/Fonts/Roboto-Regular.ttf'
[2015.06.08-12.48.32:915][  0]LogSlate:Warning: Failed to load font data from '../../../Engine/Content/Editor/Slate/Fonts/Roboto-Bold.ttf'
[2015.06.08-12.48.32:923][  0]LogConsoleResponse:Display: 
[2015.06.08-12.48.33:112][  0]LogCook:Display: Done creating registry. It took  0.00s.
[2015.06.08-12.48.33:327][  0]LogSourceControl: RunCommandInternalRaw: 'git version'
[2015.06.08-12.48.33:335][  0]LogSourceControl: RunCommandInternalRaw: ExecProcess ReturnCode=0 OutResults='git version 1.9.5.msysgit.1
'
[2015.06.08-12.48.33:336][  0]Cmd: MAP LOAD FILE="../../../Engine/Content/Maps/Templates/Template_Default.umap" TEMPLATE=1 SHOWPROGRESS=1 FEATURELEVEL=3
[2015.06.08-12.48.33:337][  0]LightingResults: New page: Lighting Build
[2015.06.08-12.48.33:355][  0]MapCheck: New page: Map Check
[2015.06.08-12.48.33:355][  0]LightingResults: New page: Lighting Build
[2015.06.08-12.48.33:368][  0]LogParticles: Destroying 0 GPU particle simulations for FXSystem 0x00000000162916C0
[2015.06.08-12.48.34:298][  0]LogEditorServer: Finished looking for orphan Actors (0.000 secs)
[2015.06.08-12.48.34:306][  0]LogAIModule: Creating AISystem for world Untitled_1
[2015.06.08-12.48.34:306][  0]Cmd: MAP CHECKDEP
[2015.06.08-12.48.34:307][  0]MapCheck: New page: Untitled_1 - 9/06/2015 12:48:34 pm
[2015.06.08-12.48.34:410][  0]MapCheck: Info Map check complete: 0 Error(s), 0 Warning(s), took 103.77ms to complete.
[2015.06.08-12.48.34:410][  0]LogFileHelpers: Loading map 'Template_Default' took 1.075
[2015.06.08-12.48.34:595][  0]LogSourceControl: RunCommandInternalRaw: 'git status'
[2015.06.08-12.48.34:595][  0]LogSourceControl: RunCommandInternalRaw: ExecProcess ReturnCode=0 OutResults='On branch test-import-of-existing-assets
Your branch is up-to-date with 'origin/test-import-of-existing-assets'.

Changes not staged for commit:
  (use "git add <file>..." to update what will be committed)
  (use "git checkout -- <file>..." to discard changes in working directory)

	modified:   Intermediate/CachedAssetRegistry.bin
	modified:   Saved/Config/Windows/EditorLayout.ini
	modified:   Saved/Config/Windows/EditorUserSettings.ini
	modified:   Saved/Config/Windows/Engine.ini
	modified:   Saved/Config/Windows/SourceControlSettings.ini
	modified:   Saved/Logs/thecubesample.log

Untracked files:
  (use "git add <file>..." to include in what will be committed)

	Content/
	Saved/AutoScreenshot.png
	Saved/Logs/thecubesample-backup-2015.06.09-00.48.20.log

no changes added to commit (use "git add" and/or "git commit -a")
'
[2015.06.08-12.48.34:595][  0]LogSourceControl: RunCommandInternalRaw: 'git symbolic-ref --short HEAD'
[2015.06.08-12.48.34:595][  0]LogSourceControl: RunCommandInternalRaw: ExecProcess ReturnCode=0 OutResults='test-import-of-existing-assets
'
[2015.06.08-12.48.34:595][  0]LogCollectionManager: Loaded 0 collections in 0.002560 seconds
[2015.06.08-12.48.34:616][  0]LogContentBrowser: Native class hierarchy populated in 0.0207 seconds. Added 1696 classes and 261 folders.
[2015.06.08-12.48.34:669][  0]LogContentBrowser: Native class hierarchy updated for 'SceneOutliner' in 0.0030 seconds. Added 1 classes and 2 folders.
[2015.06.08-12.48.34:744][  0]LogCrashTracker: Crashtracker disabled due to settings.
[2015.06.08-12.48.34:745][  0]LogSlate:Warning: Failed to load font data from 'Veranda'
[2015.06.08-12.48.34:755][  0]LogUObjectGlobals:Warning: Failed to find object 'Class None.'
[2015.06.08-12.48.34:781][  0]LogLoad: Full Startup: 16.38 seconds (BP compile: 0.13 seconds)
[2015.06.08-12.48.34:806][  0]LogContentBrowser:Verbose: The content browser source was changed by the sources view to '/Game/Maps'
[2015.06.08-12.48.34:859][  0]SourceControl: Info test-import-of-existing-assets
[2015.06.08-12.48.35:048][  0]LogRenderer:Warning: Reallocating scene render targets to support 1208x576 (Frame:2).
[2015.06.08-12.48.35:479][  7]LogAssetRegistry: Asset discovery search completed in 4.2404 seconds
[2015.06.08-12.48.39:065][332]LogContentBrowser:Verbose: The content browser source was changed by the sources view to '/Game/Meshes'
[2015.06.08-12.48.39:993][412]LogSourceControl: RunCommandInternalRaw: 'git status --porcelain --ignored "C:/Users/mrgrr/Documents/Unreal Projects/thecubesample/Content/Meshes/Slab10x10.uasset" "C:/Users/mrgrr/Documents/Unreal Projects/thecubesample/Content/Meshes/TemplateCube_Rounded.uasset"'
[2015.06.08-12.48.40:004][413]LogContentBrowser:Verbose: The content browser source was changed by the sources view to '/Game/Textures'
[2015.06.08-12.48.40:025][414]LogSourceControl: RunCommandInternalRaw: ExecProcess ReturnCode=0 OutResults='?? Content/Meshes/Slab10x10.uasset
?? Content/Meshes/TemplateCube_Rounded.uasset
'
[2015.06.08-12.48.40:780][488]LogContentBrowser:Verbose: The content browser source was changed by the sources view to '/Game/Meshes'
[2015.06.08-12.48.41:350][541]LogContentBrowser:Verbose: The content browser source was changed by the sources view to '/Game/Maps'
[2015.06.08-12.48.42:375][606]LogSourceControl: RunCommandInternalRaw: 'git status --porcelain --ignored "C:/Users/mrgrr/Documents/Unreal Projects/thecubesample/Content/Maps/16x16-2+4.umap" "C:/Users/mrgrr/Documents/Unreal Projects/thecubesample/Content/Maps/16x16-4+6.umap" "C:/Users/mrgrr/Documents/Unreal Projects/thecubesample/Content/Maps/16x16-4+6+2.umap" "C:/Users/mrgrr/Documents/Unreal Projects/thecubesample/Content/Maps/16x16-4+6+2+8.umap" "C:/Users/mrgrr/Documents/Unreal Projects/thecubesample/Content/Maps/16x16-4+6+8.umap" "C:/Users/mrgrr/Documents/Unreal Projects/thecubesample/Content/Maps/16x16-4+8.umap" "C:/Users/mrgrr/Documents/Unreal Projects/thecubesample/Content/Maps/16x16-6+2.umap" "C:/Users/mrgrr/Documents/Unreal Projects/thecubesample/Content/Maps/16x16-8+2.umap" "C:/Users/mrgrr/Documents/Unreal Projects/thecubesample/Content/Maps/16x16-8+2+4.umap" "C:/Users/mrgrr/Documents/Unreal Projects/thecubesample/Content/Maps/16x16-8+2+6.umap" "C:/Users/mrgrr/Documents/Unreal Projects/thecubesample/Content/Maps/16x16-8+6.umap" "C:/Users/mrgrr/Documents/Unreal Projects/thecubesample/Content/Maps/16x16-HALL2+4.umap" "C:/Users/mrgrr/Documents/Unreal Projects/thecubesample/Content/Maps/16x16-HALL2+8.umap" "C:/Users/mrgrr/Documents/Unreal Projects/thecubesample/Content/Maps/16x16-HALL4+6.umap" "C:/Users/mrgrr/Documents/Unreal Projects/thecubesample/Content/Maps/16x16-HALL4+6+2.umap" "C:/Users/mrgrr/Documents/Unreal Projects/thecubesample/Content/Maps/16x16-HALL4+6+8.umap" "C:/Users/mrgrr/Documents/Unreal Projects/thecubesample/Content/Maps/16x16-HALL4+8.umap" "C:/Users/mrgrr/Documents/Unreal Projects/thecubesample/Content/Maps/16x16-HALL6+2.umap" "C:/Users/mrgrr/Documents/Unreal Projects/thecubesample/Content/Maps/16x16-HALL8+2+4.umap" "C:/Users/mrgrr/Documents/Unreal Projects/thecubesample/Content/Maps/16x16-HALL8+2+6.umap" "C:/Users/mrgrr/Documents/Unreal Projects/thecubesample/Content/Maps/16x16-HALL8+2+6+4.umap" "C:/Users/mrgrr/Documents/Unreal Projects/thecubesample/Content/Maps/16x16-HALL8+6.umap" "C:/Users/mrgrr/Documents/Unreal Projects/thecubesample/Content/Maps/Hallway1.umap" "C:/Users/mrgrr/Documents/Unreal Projects/thecubesample/Content/Maps/Hallway2.umap" "C:/Users/mrgrr/Documents/Unreal Projects/thecubesample/Content/Maps/Slab10x10.umap" "C:/Users/mrgrr/Documents/Unreal Projects/thecubesample/Content/Maps/testingmap.umap" "C:/Users/mrgrr/Documents/Unreal Projects/thecubesample/Content/Maps/TestMap.umap" "C:/Users/mrgrr/Documents/Unreal Projects/thecubesample/Content/Maps/TestMap2.umap" "C:/Users/mrgrr/Documents/Unreal Projects/thecubesample/Content/Maps/WT-Corner1-nodoors.umap" "C:/Users/mrgrr/Documents/Unreal Projects/thecubesample/Content/Maps/WT-Corner2-LeftDoor.umap" "C:/Users/mrgrr/Documents/Unreal Projects/thecubesample/Content/Maps/WT-Corner3-updoor.umap" "C:/Users/mrgrr/Documents/Unreal Projects/thecubesample/Content/Maps/WT-Corner4-2doors.umap" "C:/Users/mrgrr/Documents/Unreal Projects/thecubesample/Content/Maps/WT-Crossway.umap" "C:/Users/mrgrr/Documents/Unreal Projects/thecubesample/Content/Maps/WT-T-LRD.umap"'
[2015.06.08-12.48.42:395][607]LogSourceControl: RunCommandInternalRaw: ExecProcess ReturnCode=0 OutResults='?? Content/Maps/16x16-2+4.umap
?? Content/Maps/16x16-4+6+2+8.umap
?? Content/Maps/16x16-4+6+2.umap
?? Content/Maps/16x16-4+6+8.umap
?? Content/Maps/16x16-4+6.umap
?? Content/Maps/16x16-4+8.umap
?? Content/Maps/16x16-6+2.umap
?? Content/Maps/16x16-8+2+4.umap
?? Content/Maps/16x16-8+2+6.umap
?? Content/Maps/16x16-8+2.umap
?? Content/Maps/16x16-8+6.umap
?? Content/Maps/16x16-HALL2+4.umap
?? Content/Maps/16x16-HALL2+8.umap
?? Content/Maps/16x16-HALL4+6+2.umap
?? Content/Maps/16x16-HALL4+6+8.umap
?? Content/Maps/16x16-HALL4+6.umap
?? Content/Maps/16x16-HALL4+8.umap
?? Content/Maps/16x16-HALL6+2.umap
?? Content/Maps/16x16-HALL8+2+4.umap
?? Content/Maps/16x16-HALL8+2+6+4.umap
?? Content/Maps/16x16-HALL8+2+6.umap
?? Content/Maps/16x16-HALL8+6.umap
?? Content/Maps/Hallway1.umap
?? Content/Maps/Hallway2.umap
?? Content/Maps/Slab10x10.umap
?? Content/Maps/TestMap.umap
?? Content/Maps/TestMap2.umap
?? Content/Maps/WT-Corner1-nodoors.umap
?? Content/Maps/WT-Corner2-LeftDoor.umap
?? Content/Maps/WT-Corner3-updoor.umap
?? Content/Maps/WT-Corner4-2doors.umap
?? Content/Maps/WT-Crossway.umap
?? Content/Maps/WT-T-LRD.umap
?? Content/Maps/testingmap.umap
'
[2015.06.08-12.48.43:254][670]LogContentBrowser:Verbose: The content browser source was changed by the sources view to '/Game/Character'
[2015.06.08-12.48.43:970][733]LogContentBrowser:Verbose: The content browser source was changed by the sources view to '/Game/Audio'
[2015.06.08-12.48.44:621][794]LogContentBrowser:Verbose: The content browser source was changed by the sources view to '/Game/Animations'
[2015.06.08-12.48.45:648][866]LogSourceControl: RunCommandInternalRaw: 'git status --porcelain --ignored "C:/Users/mrgrr/Documents/Unreal Projects/thecubesample/Content/Animations/FPP_Fire.uasset" "C:/Users/mrgrr/Documents/Unreal Projects/thecubesample/Content/Animations/FPP_Fire_Montage.uasset" "C:/Users/mrgrr/Documents/Unreal Projects/thecubesample/Content/Animations/FPP_Idle.uasset" "C:/Users/mrgrr/Documents/Unreal Projects/thecubesample/Content/Animations/FPP_JumpEnd.uasset" "C:/Users/mrgrr/Documents/Unreal Projects/thecubesample/Content/Animations/FPP_JumpLoop.uasset" "C:/Users/mrgrr/Documents/Unreal Projects/thecubesample/Content/Animations/FPP_JumpStart.uasset" "C:/Users/mrgrr/Documents/Unreal Projects/thecubesample/Content/Animations/FPP_Run.uasset"'
[2015.06.08-12.48.45:662][867]LogSourceControl: RunCommandInternalRaw: ExecProcess ReturnCode=0 OutResults='?? Content/Animations/FPP_Fire.uasset
?? Content/Animations/FPP_Fire_Montage.uasset
?? Content/Animations/FPP_Idle.uasset
?? Content/Animations/FPP_JumpEnd.uasset
?? Content/Animations/FPP_JumpLoop.uasset
?? Content/Animations/FPP_JumpStart.uasset
?? Content/Animations/FPP_Run.uasset
'
[2015.06.08-12.48.45:936][890]LogPlayLevel: PIE:  No blueprints needed recompiling
[2015.06.08-12.48.45:936][890]PIE: New page: PIE session: Untitled_1 (9/06/2015 12:48:45 pm)
[2015.06.08-12.48.45:940][890]LogPlayLevel: PIE: StaticDuplicateObject took: (0.003117s)
[2015.06.08-12.48.45:941][890]LogPlayLevel: PIE: World Init took: (0.001396s)
[2015.06.08-12.48.45:941][890]LogPlayLevel: PIE: Created PIE world by copying editor world from /Temp/Untitled_1.Untitled_1 to /Temp/UEDPIE_0_Untitled_1.Untitled_1 (0.004752s)
[2015.06.08-12.48.45:999][890]LogWorld: Game class is 'GameMode'
[2015.06.08-12.48.46:003][890]LogAIModule: Creating AISystem for world Untitled_1
[2015.06.08-12.48.46:007][890]LogWorld: Bringing World /Temp/UEDPIE_0_Untitled_1.Untitled_1 up for play (max tick rate 0) at 2015.06.09-00.48.46
[2015.06.08-12.48.46:008][890]LogWorld: Bringing up level for play took: 0.003544
[2015.06.08-12.48.46:012][890]PIE: Info Play in editor start time for /Temp/UEDPIE_0_Untitled_1 0.194
[2015.06.08-12.48.50:136][216]LogParticles: Destroying 0 GPU particle simulations for FXSystem 0x0000000003421800
[2015.06.08-12.48.53:174][486]LogContentBrowser:Verbose: The content browser source was changed by the sources view to '/Game/Maps'
[2015.06.08-12.48.54:198][546]LogSourceControl: RunCommandInternalRaw: 'git status --porcelain --ignored "C:/Users/mrgrr/Documents/Unreal Projects/thecubesample/Content/Maps/16x16-2+4.umap" "C:/Users/mrgrr/Documents/Unreal Projects/thecubesample/Content/Maps/16x16-4+6.umap" "C:/Users/mrgrr/Documents/Unreal Projects/thecubesample/Content/Maps/16x16-4+6+2.umap" "C:/Users/mrgrr/Documents/Unreal Projects/thecubesample/Content/Maps/16x16-4+6+2+8.umap" "C:/Users/mrgrr/Documents/Unreal Projects/thecubesample/Content/Maps/16x16-4+6+8.umap" "C:/Users/mrgrr/Documents/Unreal Projects/thecubesample/Content/Maps/16x16-4+8.umap" "C:/Users/mrgrr/Documents/Unreal Projects/thecubesample/Content/Maps/16x16-6+2.umap" "C:/Users/mrgrr/Documents/Unreal Projects/thecubesample/Content/Maps/16x16-8+2.umap" "C:/Users/mrgrr/Documents/Unreal Projects/thecubesample/Content/Maps/16x16-8+2+4.umap" "C:/Users/mrgrr/Documents/Unreal Projects/thecubesample/Content/Maps/16x16-8+2+6.umap" "C:/Users/mrgrr/Documents/Unreal Projects/thecubesample/Content/Maps/16x16-8+6.umap" "C:/Users/mrgrr/Documents/Unreal Projects/thecubesample/Content/Maps/16x16-HALL2+4.umap" "C:/Users/mrgrr/Documents/Unreal Projects/thecubesample/Content/Maps/16x16-HALL2+8.umap" "C:/Users/mrgrr/Documents/Unreal Projects/thecubesample/Content/Maps/16x16-HALL4+6.umap" "C:/Users/mrgrr/Documents/Unreal Projects/thecubesample/Content/Maps/16x16-HALL4+6+2.umap" "C:/Users/mrgrr/Documents/Unreal Projects/thecubesample/Content/Maps/16x16-HALL4+6+8.umap" "C:/Users/mrgrr/Documents/Unreal Projects/thecubesample/Content/Maps/16x16-HALL4+8.umap" "C:/Users/mrgrr/Documents/Unreal Projects/thecubesample/Content/Maps/16x16-HALL6+2.umap" "C:/Users/mrgrr/Documents/Unreal Projects/thecubesample/Content/Maps/16x16-HALL8+2+4.umap" "C:/Users/mrgrr/Documents/Unreal Projects/thecubesample/Content/Maps/16x16-HALL8+2+6.umap" "C:/Users/mrgrr/Documents/Unreal Projects/thecubesample/Content/Maps/16x16-HALL8+2+6+4.umap" "C:/Users/mrgrr/Documents/Unreal Projects/thecubesample/Content/Maps/16x16-HALL8+6.umap" "C:/Users/mrgrr/Documents/Unreal Projects/thecubesample/Content/Maps/Hallway1.umap" "C:/Users/mrgrr/Documents/Unreal Projects/thecubesample/Content/Maps/Hallway2.umap" "C:/Users/mrgrr/Documents/Unreal Projects/thecubesample/Content/Maps/Slab10x10.umap" "C:/Users/mrgrr/Documents/Unreal Projects/thecubesample/Content/Maps/testingmap.umap" "C:/Users/mrgrr/Documents/Unreal Projects/thecubesample/Content/Maps/TestMap.umap" "C:/Users/mrgrr/Documents/Unreal Projects/thecubesample/Content/Maps/TestMap2.umap" "C:/Users/mrgrr/Documents/Unreal Projects/thecubesample/Content/Maps/WT-Corner1-nodoors.umap" "C:/Users/mrgrr/Documents/Unreal Projects/thecubesample/Content/Maps/WT-Corner2-LeftDoor.umap" "C:/Users/mrgrr/Documents/Unreal Projects/thecubesample/Content/Maps/WT-Corner3-updoor.umap" "C:/Users/mrgrr/Documents/Unreal Projects/thecubesample/Content/Maps/WT-Corner4-2doors.umap" "C:/Users/mrgrr/Documents/Unreal Projects/thecubesample/Content/Maps/WT-Crossway.umap" "C:/Users/mrgrr/Documents/Unreal Projects/thecubesample/Content/Maps/WT-T-LRD.umap"'
[2015.06.08-12.48.54:213][547]LogSourceControl: RunCommandInternalRaw: ExecProcess ReturnCode=0 OutResults='?? Content/Maps/16x16-2+4.umap
?? Content/Maps/16x16-4+6+2+8.umap
?? Content/Maps/16x16-4+6+2.umap
?? Content/Maps/16x16-4+6+8.umap
?? Content/Maps/16x16-4+6.umap
?? Content/Maps/16x16-4+8.umap
?? Content/Maps/16x16-6+2.umap
?? Content/Maps/16x16-8+2+4.umap
?? Content/Maps/16x16-8+2+6.umap
?? Content/Maps/16x16-8+2.umap
?? Content/Maps/16x16-8+6.umap
?? Content/Maps/16x16-HALL2+4.umap
?? Content/Maps/16x16-HALL2+8.umap
?? Content/Maps/16x16-HALL4+6+2.umap
?? Content/Maps/16x16-HALL4+6+8.umap
?? Content/Maps/16x16-HALL4+6.umap
?? Content/Maps/16x16-HALL4+8.umap
?? Content/Maps/16x16-HALL6+2.umap
?? Content/Maps/16x16-HALL8+2+4.umap
?? Content/Maps/16x16-HALL8+2+6+4.umap
?? Content/Maps/16x16-HALL8+2+6.umap
?? Content/Maps/16x16-HALL8+6.umap
?? Content/Maps/Hallway1.umap
?? Content/Maps/Hallway2.umap
?? Content/Maps/Slab10x10.umap
?? Content/Maps/TestMap.umap
?? Content/Maps/TestMap2.umap
?? Content/Maps/WT-Corner1-nodoors.umap
?? Content/Maps/WT-Corner2-LeftDoor.umap
?? Content/Maps/WT-Corner3-updoor.umap
?? Content/Maps/WT-Corner4-2doors.umap
?? Content/Maps/WT-Crossway.umap
?? Content/Maps/WT-T-LRD.umap
?? Content/Maps/testingmap.umap
'
[2015.06.08-12.48.55:777][649]LogLinker:Warning: Can't find file '/Game/StarterContent/Materials/M_Concrete_Tiles'
[2015.06.08-12.48.55:778][649]LogLinker:Warning: Can't find file for asset '/Game/StarterContent/Materials/M_Concrete_Tiles' while loading ../../../../../../Users/mrgrr/Documents/Unreal Projects/thecubesample/Content/Maps/16x16-2+4.umap.
[2015.06.08-12.48.55:779][649]LoadErrors:Error: Error /Game/Maps/16x16-2+4 : Can't find file for asset. /Game/StarterContent/Materials/M_Concrete_Tiles
[2015.06.08-12.48.55:779][649]LogLinker:Warning: Can't find file '/Game/StarterContent/Materials/M_Rock_Basalt'
[2015.06.08-12.48.55:779][649]LogLinker:Warning: Can't find file for asset '/Game/StarterContent/Materials/M_Rock_Basalt' while loading ../../../../../../Users/mrgrr/Documents/Unreal Projects/thecubesample/Content/Maps/16x16-2+4.umap.
[2015.06.08-12.48.55:779][649]LoadErrors:Error: Error /Game/Maps/16x16-2+4 : Can't find file for asset. /Game/StarterContent/Materials/M_Rock_Basalt
[2015.06.08-12.48.55:780][649]LogLinker:Warning: Can't find file '/Game/StarterContent/Materials/M_Concrete_Tiles'
[2015.06.08-12.48.55:781][649]LogLinker:Warning: Can't find file for asset '/Game/StarterContent/Materials/M_Concrete_Tiles' while loading ../../../../../../Users/mrgrr/Documents/Unreal Projects/thecubesample/Content/Maps/16x16-2+4.umap.
[2015.06.08-12.48.55:781][649]LogLinker:Warning: Can't find file '/Game/StarterContent/Materials/M_Rock_Basalt'
[2015.06.08-12.48.55:781][649]LogLinker:Warning: Can't find file for asset '/Game/StarterContent/Materials/M_Rock_Basalt' while loading ../../../../../../Users/mrgrr/Documents/Unreal Projects/thecubesample/Content/Maps/16x16-2+4.umap.
[2015.06.08-12.48.55:782][649]LogLinker:Warning: Can't find file '/Game/StarterContent/Textures/T_Concrete_Tiles_D'
[2015.06.08-12.48.55:782][649]LogLinker:Warning: Can't find file for asset '/Game/StarterContent/Textures/T_Concrete_Tiles_D' while loading ../../../../../../Users/mrgrr/Documents/Unreal Projects/thecubesample/Content/Maps/16x16-2+4.umap.
[2015.06.08-12.48.55:782][649]LoadErrors:Error: Error /Game/Maps/16x16-2+4 : Can't find file for asset. /Game/StarterContent/Textures/T_Concrete_Tiles_D
[2015.06.08-12.48.55:782][649]LogLinker:Warning: Can't find file '/Game/StarterContent/Textures/T_Concrete_Tiles_M'
[2015.06.08-12.48.55:783][649]LogLinker:Warning: Can't find file for asset '/Game/StarterContent/Textures/T_Concrete_Tiles_M' while loading ../../../../../../Users/mrgrr/Documents/Unreal Projects/thecubesample/Content/Maps/16x16-2+4.umap.
[2015.06.08-12.48.55:783][649]LoadErrors:Error: Error /Game/Maps/16x16-2+4 : Can't find file for asset. /Game/StarterContent/Textures/T_Concrete_Tiles_M
[2015.06.08-12.48.55:783][649]LogLinker:Warning: Can't find file '/Game/StarterContent/Textures/T_Concrete_Tiles_N'
[2015.06.08-12.48.55:783][649]LogLinker:Warning: Can't find file for asset '/Game/StarterContent/Textures/T_Concrete_Tiles_N' while loading ../../../../../../Users/mrgrr/Documents/Unreal Projects/thecubesample/Content/Maps/16x16-2+4.umap.
[2015.06.08-12.48.55:784][649]LoadErrors:Error: Error /Game/Maps/16x16-2+4 : Can't find file for asset. /Game/StarterContent/Textures/T_Concrete_Tiles_N
[2015.06.08-12.48.55:784][649]LogLinker:Warning: Can't find file '/Game/StarterContent/Textures/T_Concrete_Tiles_Variation_M'
[2015.06.08-12.48.55:784][649]LogLinker:Warning: Can't find file for asset '/Game/StarterContent/Textures/T_Concrete_Tiles_Variation_M' while loading ../../../../../../Users/mrgrr/Documents/Unreal Projects/thecubesample/Content/Maps/16x16-2+4.umap.
[2015.06.08-12.48.55:784][649]LoadErrors:Error: Error /Game/Maps/16x16-2+4 : Can't find file for asset. /Game/StarterContent/Textures/T_Concrete_Tiles_Variation_M
[2015.06.08-12.48.55:785][649]LogLinker:Warning: Can't find file '/Game/StarterContent/Textures/T_MacroVariation'
[2015.06.08-12.48.55:785][649]LogLinker:Warning: Can't find file for asset '/Game/StarterContent/Textures/T_MacroVariation' while loading ../../../../../../Users/mrgrr/Documents/Unreal Projects/thecubesample/Content/Maps/16x16-2+4.umap.
[2015.06.08-12.48.55:785][649]LoadErrors:Error: Error /Game/Maps/16x16-2+4 : Can't find file for asset. /Game/StarterContent/Textures/T_MacroVariation
[2015.06.08-12.48.55:785][649]LogLinker:Warning: Can't find file '/Game/StarterContent/Textures/T_Perlin_Noise_M'
[2015.06.08-12.48.55:786][649]LogLinker:Warning: Can't find file for asset '/Game/StarterContent/Textures/T_Perlin_Noise_M' while loading ../../../../../../Users/mrgrr/Documents/Unreal Projects/thecubesample/Content/Maps/16x16-2+4.umap.
[2015.06.08-12.48.55:786][649]LoadErrors:Error: Error /Game/Maps/16x16-2+4 : Can't find file for asset. /Game/StarterContent/Textures/T_Perlin_Noise_M
[2015.06.08-12.48.55:786][649]LogLinker:Warning: Can't find file '/Game/StarterContent/Textures/T_Rock_Basalt_D'
[2015.06.08-12.48.55:786][649]LogLinker:Warning: Can't find file for asset '/Game/StarterContent/Textures/T_Rock_Basalt_D' while loading ../../../../../../Users/mrgrr/Documents/Unreal Projects/thecubesample/Content/Maps/16x16-2+4.umap.
[2015.06.08-12.48.55:787][649]LoadErrors:Error: Error /Game/Maps/16x16-2+4 : Can't find file for asset. /Game/StarterContent/Textures/T_Rock_Basalt_D
[2015.06.08-12.48.55:787][649]LogLinker:Warning: Can't find file '/Game/StarterContent/Textures/T_Rock_Basalt_N'
[2015.06.08-12.48.55:787][649]LogLinker:Warning: Can't find file for asset '/Game/StarterContent/Textures/T_Rock_Basalt_N' while loading ../../../../../../Users/mrgrr/Documents/Unreal Projects/thecubesample/Content/Maps/16x16-2+4.umap.
[2015.06.08-12.48.55:787][649]LoadErrors:Error: Error /Game/Maps/16x16-2+4 : Can't find file for asset. /Game/StarterContent/Textures/T_Rock_Basalt_N
[2015.06.08-12.48.55:789][649]LogLinker:Warning: Can't find file '/Game/StarterContent/Textures/T_Concrete_Tiles_D'
[2015.06.08-12.48.55:789][649]LogLinker:Warning: Can't find file for asset '/Game/StarterContent/Textures/T_Concrete_Tiles_D' while loading ../../../../../../Users/mrgrr/Documents/Unreal Projects/thecubesample/Content/Maps/16x16-2+4.umap.
[2015.06.08-12.48.55:790][649]LogLinker:Warning: Can't find file '/Game/StarterContent/Textures/T_Concrete_Tiles_M'
[2015.06.08-12.48.55:790][649]LogLinker:Warning: Can't find file for asset '/Game/StarterContent/Textures/T_Concrete_Tiles_M' while loading ../../../../../../Users/mrgrr/Documents/Unreal Projects/thecubesample/Content/Maps/16x16-2+4.umap.
[2015.06.08-12.48.55:790][649]LogLinker:Warning: Can't find file '/Game/StarterContent/Textures/T_Concrete_Tiles_N'
[2015.06.08-12.48.55:790][649]LogLinker:Warning: Can't find file for asset '/Game/StarterContent/Textures/T_Concrete_Tiles_N' while loading ../../../../../../Users/mrgrr/Documents/Unreal Projects/thecubesample/Content/Maps/16x16-2+4.umap.
[2015.06.08-12.48.55:791][649]LogLinker:Warning: Can't find file '/Game/StarterContent/Textures/T_Concrete_Tiles_Variation_M'
[2015.06.08-12.48.55:791][649]LogLinker:Warning: Can't find file for asset '/Game/StarterContent/Textures/T_Concrete_Tiles_Variation_M' while loading ../../../../../../Users/mrgrr/Documents/Unreal Projects/thecubesample/Content/Maps/16x16-2+4.umap.
[2015.06.08-12.48.55:792][649]LogLinker:Warning: Can't find file '/Game/StarterContent/Textures/T_MacroVariation'
[2015.06.08-12.48.55:792][649]LogLinker:Warning: Can't find file for asset '/Game/StarterContent/Textures/T_MacroVariation' while loading ../../../../../../Users/mrgrr/Documents/Unreal Projects/thecubesample/Content/Maps/16x16-2+4.umap.
[2015.06.08-12.48.55:792][649]LogLinker:Warning: Can't find file '/Game/StarterContent/Textures/T_Perlin_Noise_M'
[2015.06.08-12.48.55:792][649]LogLinker:Warning: Can't find file for asset '/Game/StarterContent/Textures/T_Perlin_Noise_M' while loading ../../../../../../Users/mrgrr/Documents/Unreal Projects/thecubesample/Content/Maps/16x16-2+4.umap.
[2015.06.08-12.48.55:793][649]LogLinker:Warning: Can't find file '/Game/StarterContent/Textures/T_Rock_Basalt_D'
[2015.06.08-12.48.55:793][649]LogLinker:Warning: Can't find file for asset '/Game/StarterContent/Textures/T_Rock_Basalt_D' while loading ../../../../../../Users/mrgrr/Documents/Unreal Projects/thecubesample/Content/Maps/16x16-2+4.umap.
[2015.06.08-12.48.55:794][649]LogLinker:Warning: Can't find file '/Game/StarterContent/Textures/T_Rock_Basalt_N'
[2015.06.08-12.48.55:794][649]LogLinker:Warning: Can't find file for asset '/Game/StarterContent/Textures/T_Rock_Basalt_N' while loading ../../../../../../Users/mrgrr/Documents/Unreal Projects/thecubesample/Content/Maps/16x16-2+4.umap.
[2015.06.08-12.48.55:805][649]LogLinker:Warning: Can't find file '/Game/StarterContent/Textures/T_Rock_Basalt_N'
[2015.06.08-12.48.55:806][649]LoadErrors: Info Failed to load /Game/StarterContent/Textures/T_Rock_Basalt_N.T_Rock_Basalt_N Referenced by PersistentLevel
[2015.06.08-12.48.55:806][649]LogLinker:Warning: Can't find file for asset '/Game/StarterContent/Textures/T_Rock_Basalt_N' while loading NULL.
[2015.06.08-12.48.55:806][649]LogLinker:Warning: Can't find file '/Game/StarterContent/Textures/T_MacroVariation'
[2015.06.08-12.48.55:806][649]LoadErrors: Info Failed to load /Game/StarterContent/Textures/T_MacroVariation.T_MacroVariation Referenced by PersistentLevel
[2015.06.08-12.48.55:807][649]LogLinker:Warning: Can't find file for asset '/Game/StarterContent/Textures/T_MacroVariation' while loading NULL.
[2015.06.08-12.48.55:807][649]LogLinker:Warning: Can't find file '/Game/StarterContent/Textures/T_Perlin_Noise_M'
[2015.06.08-12.48.55:807][649]LoadErrors: Info Failed to load /Game/StarterContent/Textures/T_Perlin_Noise_M.T_Perlin_Noise_M Referenced by PersistentLevel
[2015.06.08-12.48.55:807][649]LogLinker:Warning: Can't find file for asset '/Game/StarterContent/Textures/T_Perlin_Noise_M' while loading NULL.
[2015.06.08-12.48.55:808][649]LogLinker:Warning: Can't find file '/Game/StarterContent/Textures/T_Rock_Basalt_D'
[2015.06.08-12.48.55:808][649]LoadErrors: Info Failed to load /Game/StarterContent/Textures/T_Rock_Basalt_D.T_Rock_Basalt_D Referenced by PersistentLevel
[2015.06.08-12.48.55:808][649]LogLinker:Warning: Can't find file for asset '/Game/StarterContent/Textures/T_Rock_Basalt_D' while loading NULL.
[2015.06.08-12.48.55:809][649]LogLinker:Warning: Can't find file '/Game/StarterContent/Textures/T_Concrete_Tiles_N'
[2015.06.08-12.48.55:809][649]LoadErrors: Info Failed to load /Game/StarterContent/Textures/T_Concrete_Tiles_N.T_Concrete_Tiles_N Referenced by PersistentLevel
[2015.06.08-12.48.55:809][649]LogLinker:Warning: Can't find file for asset '/Game/StarterContent/Textures/T_Concrete_Tiles_N' while loading NULL.
[2015.06.08-12.48.55:809][649]LogLinker:Warning: Can't find file '/Game/StarterContent/Textures/T_Concrete_Tiles_Variation_M'
[2015.06.08-12.48.55:810][649]LoadErrors: Info Failed to load /Game/StarterContent/Textures/T_Concrete_Tiles_Variation_M.T_Concrete_Tiles_Variation_M Referenced by PersistentLevel
[2015.06.08-12.48.55:810][649]LogLinker:Warning: Can't find file for asset '/Game/StarterContent/Textures/T_Concrete_Tiles_Variation_M' while loading NULL.
[2015.06.08-12.48.55:810][649]LogLinker:Warning: Can't find file '/Game/StarterContent/Textures/T_Concrete_Tiles_D'
[2015.06.08-12.48.55:810][649]LoadErrors: Info Failed to load /Game/StarterContent/Textures/T_Concrete_Tiles_D.T_Concrete_Tiles_D Referenced by PersistentLevel
[2015.06.08-12.48.55:811][649]LogLinker:Warning: Can't find file for asset '/Game/StarterContent/Textures/T_Concrete_Tiles_D' while loading NULL.
[2015.06.08-12.48.55:811][649]LogLinker:Warning: Can't find file '/Game/StarterContent/Textures/T_Concrete_Tiles_M'
[2015.06.08-12.48.55:811][649]LoadErrors: Info Failed to load /Game/StarterContent/Textures/T_Concrete_Tiles_M.T_Concrete_Tiles_M Referenced by PersistentLevel
[2015.06.08-12.48.55:812][649]LogLinker:Warning: Can't find file for asset '/Game/StarterContent/Textures/T_Concrete_Tiles_M' while loading NULL.
[2015.06.08-12.48.55:812][649]LogLinker:Warning: Can't find file '/Game/StarterContent/Materials/M_Concrete_Tiles'
[2015.06.08-12.48.55:812][649]LoadErrors: Info Failed to load /Game/StarterContent/Materials/M_Concrete_Tiles.M_Concrete_Tiles Referenced by Model_5
[2015.06.08-12.48.55:813][649]LogLinker:Warning: Can't find file for asset '/Game/StarterContent/Materials/M_Concrete_Tiles' while loading NULL.
[2015.06.08-12.48.55:813][649]LogLinker:Warning: Can't find file '/Game/StarterContent/Materials/M_Rock_Basalt'
[2015.06.08-12.48.55:813][649]LoadErrors: Info Failed to load /Game/StarterContent/Materials/M_Rock_Basalt.M_Rock_Basalt Referenced by Model_5
[2015.06.08-12.48.55:813][649]LogLinker:Warning: Can't find file for asset '/Game/StarterContent/Materials/M_Rock_Basalt' while loading NULL.
[2015.06.08-12.48.55:814][649]LogLinker:Warning: Can't find file '/Game/StarterContent/Materials/M_Rock_Basalt'
[2015.06.08-12.48.55:814][649]LogLinker:Warning: Can't find file for asset '/Game/StarterContent/Materials/M_Rock_Basalt' while loading NULL.
[2015.06.08-12.48.55:814][649]LogLinker:Warning: Can't find file '/Game/StarterContent/Materials/M_Rock_Basalt'
[2015.06.08-12.48.55:815][649]LogLinker:Warning: Can't find file for asset '/Game/StarterContent/Materials/M_Rock_Basalt' while loading NULL.
[2015.06.08-12.48.55:815][649]LogLinker:Warning: Can't find file '/Game/StarterContent/Materials/M_Rock_Basalt'
[2015.06.08-12.48.55:815][649]LogLinker:Warning: Can't find file for asset '/Game/StarterContent/Materials/M_Rock_Basalt' while loading NULL.
[2015.06.08-12.48.55:816][649]LogLinker:Warning: Can't find file '/Game/StarterContent/Materials/M_Rock_Basalt'
[2015.06.08-12.48.55:816][649]LogLinker:Warning: Can't find file for asset '/Game/StarterContent/Materials/M_Rock_Basalt' while loading NULL.
[2015.06.08-12.48.55:816][649]LogLinker:Warning: Can't find file '/Game/StarterContent/Materials/M_Rock_Basalt'
[2015.06.08-12.48.55:817][649]LogLinker:Warning: Can't find file for asset '/Game/StarterContent/Materials/M_Rock_Basalt' while loading NULL.
[2015.06.08-12.48.55:817][649]LogLinker:Warning: Can't find file '/Game/StarterContent/Materials/M_Rock_Basalt'
[2015.06.08-12.48.55:818][649]LogLinker:Warning: Can't find file for asset '/Game/StarterContent/Materials/M_Rock_Basalt' while loading NULL.
[2015.06.08-12.48.55:818][649]LogLinker:Warning: Can't find file '/Game/StarterContent/Materials/M_Concrete_Tiles'
[2015.06.08-12.48.55:818][649]LogLinker:Warning: Can't find file for asset '/Game/StarterContent/Materials/M_Concrete_Tiles' while loading NULL.
[2015.06.08-12.48.55:819][649]LogLinker:Warning: Can't find file '/Game/StarterContent/Materials/M_Rock_Basalt'
[2015.06.08-12.48.55:819][649]LogLinker:Warning: Can't find file for asset '/Game/StarterContent/Materials/M_Rock_Basalt' while loading NULL.
[2015.06.08-12.48.55:819][649]LogLinker:Warning: Can't find file '/Game/StarterContent/Materials/M_Rock_Basalt'
[2015.06.08-12.48.55:820][649]LogLinker:Warning: Can't find file for asset '/Game/StarterContent/Materials/M_Rock_Basalt' while loading NULL.
[2015.06.08-12.48.55:820][649]LogLinker:Warning: Can't find file '/Game/StarterContent/Materials/M_Rock_Basalt'
[2015.06.08-12.48.55:820][649]LogLinker:Warning: Can't find file for asset '/Game/StarterContent/Materials/M_Rock_Basalt' while loading NULL.
[2015.06.08-12.48.55:821][649]LogLinker:Warning: Can't find file '/Game/StarterContent/Materials/M_Concrete_Tiles'
[2015.06.08-12.48.55:821][649]LogLinker:Warning: Can't find file for asset '/Game/StarterContent/Materials/M_Concrete_Tiles' while loading NULL.
[2015.06.08-12.48.55:821][649]LogLinker:Warning: Can't find file '/Game/StarterContent/Materials/M_Rock_Basalt'
[2015.06.08-12.48.55:822][649]LogLinker:Warning: Can't find file for asset '/Game/StarterContent/Materials/M_Rock_Basalt' while loading NULL.
[2015.06.08-12.48.55:822][649]LogLinker:Warning: Can't find file '/Game/StarterContent/Materials/M_Rock_Basalt'
[2015.06.08-12.48.55:822][649]LogLinker:Warning: Can't find file for asset '/Game/StarterContent/Materials/M_Rock_Basalt' while loading NULL.
[2015.06.08-12.48.55:823][649]LogLinker:Warning: Can't find file '/Game/StarterContent/Materials/M_Concrete_Tiles'
[2015.06.08-12.48.55:823][649]LogLinker:Warning: Can't find file for asset '/Game/StarterContent/Materials/M_Concrete_Tiles' while loading NULL.
[2015.06.08-12.48.55:824][649]LogLinker:Warning: Can't find file '/Game/StarterContent/Materials/M_Rock_Basalt'
[2015.06.08-12.48.55:824][649]LogLinker:Warning: Can't find file for asset '/Game/StarterContent/Materials/M_Rock_Basalt' while loading NULL.
[2015.06.08-12.48.55:824][649]LogLinker:Warning: Can't find file '/Game/StarterContent/Materials/M_Rock_Basalt'
[2015.06.08-12.48.55:825][649]LogLinker:Warning: Can't find file for asset '/Game/StarterContent/Materials/M_Rock_Basalt' while loading NULL.
[2015.06.08-12.48.55:825][649]LogLinker:Warning: Can't find file '/Game/StarterContent/Materials/M_Concrete_Tiles'
[2015.06.08-12.48.55:825][649]LogLinker:Warning: Can't find file for asset '/Game/StarterContent/Materials/M_Concrete_Tiles' while loading NULL.
[2015.06.08-12.48.55:826][649]LogLinker:Warning: Can't find file '/Game/StarterContent/Materials/M_Rock_Basalt'
[2015.06.08-12.48.55:826][649]LogLinker:Warning: Can't find file for asset '/Game/StarterContent/Materials/M_Rock_Basalt' while loading NULL.
[2015.06.08-12.48.55:826][649]LogLinker:Warning: Can't find file '/Game/StarterContent/Materials/M_Rock_Basalt'
[2015.06.08-12.48.55:827][649]LogLinker:Warning: Can't find file for asset '/Game/StarterContent/Materials/M_Rock_Basalt' while loading NULL.
[2015.06.08-12.48.55:827][649]LogLinker:Warning: Can't find file '/Game/StarterContent/Materials/M_Concrete_Tiles'
[2015.06.08-12.48.55:827][649]LogLinker:Warning: Can't find file for asset '/Game/StarterContent/Materials/M_Concrete_Tiles' while loading NULL.
[2015.06.08-12.48.55:828][649]LogLinker:Warning: Can't find file '/Game/StarterContent/Materials/M_Rock_Basalt'
[2015.06.08-12.48.55:828][649]LogLinker:Warning: Can't find file for asset '/Game/StarterContent/Materials/M_Rock_Basalt' while loading NULL.
[2015.06.08-12.48.55:829][649]LogLinker:Warning: Can't find file '/Game/StarterContent/Materials/M_Rock_Basalt'
[2015.06.08-12.48.55:829][649]LogLinker:Warning: Can't find file for asset '/Game/StarterContent/Materials/M_Rock_Basalt' while loading NULL.
[2015.06.08-12.48.55:829][649]LogLinker:Warning: Can't find file '/Game/StarterContent/Materials/M_Concrete_Tiles'
[2015.06.08-12.48.55:830][649]LogLinker:Warning: Can't find file for asset '/Game/StarterContent/Materials/M_Concrete_Tiles' while loading NULL.
[2015.06.08-12.48.55:830][649]LogLinker:Warning: Can't find file '/Game/StarterContent/Materials/M_Rock_Basalt'
[2015.06.08-12.48.55:830][649]LoadErrors: Info Failed to load /Game/StarterContent/Materials/M_Rock_Basalt.M_Rock_Basalt Referenced by ModelComponent_583
[2015.06.08-12.48.55:830][649]LogLinker:Warning: Can't find file for asset '/Game/StarterContent/Materials/M_Rock_Basalt' while loading NULL.
[2015.06.08-12.48.55:831][649]LogLinker:Warning: Can't find file '/Game/StarterContent/Materials/M_Concrete_Tiles'
[2015.06.08-12.48.55:831][649]LoadErrors: Info Failed to load /Game/StarterContent/Materials/M_Concrete_Tiles.M_Concrete_Tiles Referenced by ModelComponent_583
[2015.06.08-12.48.55:831][649]LogLinker:Warning: Can't find file for asset '/Game/StarterContent/Materials/M_Concrete_Tiles' while loading NULL.
[2015.06.08-12.48.55:832][649]LogLinker:Warning: Can't find file '/Game/StarterContent/Materials/M_Rock_Basalt'
[2015.06.08-12.48.55:832][649]LogLinker:Warning: Can't find file for asset '/Game/StarterContent/Materials/M_Rock_Basalt' while loading NULL.
[2015.06.08-12.48.55:832][649]LogLinker:Warning: Can't find file '/Game/StarterContent/Materials/M_Rock_Basalt'
[2015.06.08-12.48.55:833][649]LogLinker:Warning: Can't find file for asset '/Game/StarterContent/Materials/M_Rock_Basalt' while loading NULL.
[2015.06.08-12.48.55:833][649]LogLinker:Warning: Can't find file '/Game/StarterContent/Materials/M_Rock_Basalt'
[2015.06.08-12.48.55:834][649]LogLinker:Warning: Can't find file for asset '/Game/StarterContent/Materials/M_Rock_Basalt' while loading NULL.
[2015.06.08-12.48.55:834][649]LogLinker:Warning: Can't find file '/Game/StarterContent/Materials/M_Rock_Basalt'
[2015.06.08-12.48.55:834][649]LoadErrors: Info Failed to load /Game/StarterContent/Materials/M_Rock_Basalt.M_Rock_Basalt Referenced by ModelComponent_584
[2015.06.08-12.48.55:835][649]LogLinker:Warning: Can't find file for asset '/Game/StarterContent/Materials/M_Rock_Basalt' while loading NULL.
[2015.06.08-12.48.55:835][649]LogLinker:Warning: Can't find file '/Game/StarterContent/Materials/M_Concrete_Tiles'
[2015.06.08-12.48.55:835][649]LoadErrors: Info Failed to load /Game/StarterContent/Materials/M_Concrete_Tiles.M_Concrete_Tiles Referenced by ModelComponent_584
[2015.06.08-12.48.55:835][649]LogLinker:Warning: Can't find file for asset '/Game/StarterContent/Materials/M_Concrete_Tiles' while loading NULL.
[2015.06.08-12.48.55:836][649]LogLinker:Warning: Can't find file '/Game/StarterContent/Materials/M_Rock_Basalt'
[2015.06.08-12.48.55:836][649]LogLinker:Warning: Can't find file for asset '/Game/StarterContent/Materials/M_Rock_Basalt' while loading NULL.
[2015.06.08-12.48.55:837][649]LogLinker:Warning: Can't find file '/Game/StarterContent/Materials/M_Rock_Basalt'
[2015.06.08-12.48.55:837][649]LoadErrors: Info Failed to load /Game/StarterContent/Materials/M_Rock_Basalt.M_Rock_Basalt Referenced by ModelComponent_585
[2015.06.08-12.48.55:837][649]LogLinker:Warning: Can't find file for asset '/Game/StarterContent/Materials/M_Rock_Basalt' while loading NULL.
[2015.06.08-12.48.55:837][649]LogLinker:Warning: Can't find file '/Game/StarterContent/Materials/M_Concrete_Tiles'
[2015.06.08-12.48.55:838][649]LoadErrors: Info Failed to load /Game/StarterContent/Materials/M_Concrete_Tiles.M_Concrete_Tiles Referenced by ModelComponent_585
[2015.06.08-12.48.55:838][649]LogLinker:Warning: Can't find file for asset '/Game/StarterContent/Materials/M_Concrete_Tiles' while loading NULL.
[2015.06.08-12.48.55:838][649]LogLinker:Warning: Can't find file '/Game/StarterContent/Materials/M_Rock_Basalt'
[2015.06.08-12.48.55:839][649]LogLinker:Warning: Can't find file for asset '/Game/StarterContent/Materials/M_Rock_Basalt' while loading NULL.
[2015.06.08-12.48.55:839][649]LogLinker:Warning: Can't find file '/Game/StarterContent/Materials/M_Rock_Basalt'
[2015.06.08-12.48.55:839][649]LogLinker:Warning: Can't find file for asset '/Game/StarterContent/Materials/M_Rock_Basalt' while loading NULL.
[2015.06.08-12.48.55:840][649]LogLinker:Warning: Can't find file '/Game/StarterContent/Materials/M_Rock_Basalt'
[2015.06.08-12.48.55:840][649]LogLinker:Warning: Can't find file for asset '/Game/StarterContent/Materials/M_Rock_Basalt' while loading NULL.
[2015.06.08-12.48.55:840][649]LogLinker:Warning: Can't find file '/Game/StarterContent/Materials/M_Rock_Basalt'
[2015.06.08-12.48.55:841][649]LoadErrors: Info Failed to load /Game/StarterContent/Materials/M_Rock_Basalt.M_Rock_Basalt Referenced by ModelComponent_587
[2015.06.08-12.48.55:841][649]LogLinker:Warning: Can't find file for asset '/Game/StarterContent/Materials/M_Rock_Basalt' while loading NULL.
[2015.06.08-12.48.55:841][649]LogLinker:Warning: Can't find file '/Game/StarterContent/Materials/M_Rock_Basalt'
[2015.06.08-12.48.55:842][649]LogLinker:Warning: Can't find file for asset '/Game/StarterContent/Materials/M_Rock_Basalt' while loading NULL.
[2015.06.08-12.48.55:842][649]LogLinker:Warning: Can't find file '/Game/StarterContent/Materials/M_Concrete_Tiles'
[2015.06.08-12.48.55:842][649]LoadErrors: Info Failed to load /Game/StarterContent/Materials/M_Concrete_Tiles.M_Concrete_Tiles Referenced by ModelComponent_587
[2015.06.08-12.48.55:843][649]LogLinker:Warning: Can't find file for asset '/Game/StarterContent/Materials/M_Concrete_Tiles' while loading NULL.
[2015.06.08-12.48.55:843][649]LogLinker:Warning: Can't find file '/Game/StarterContent/Materials/M_Rock_Basalt'
[2015.06.08-12.48.55:843][649]LogLinker:Warning: Can't find file for asset '/Game/StarterContent/Materials/M_Rock_Basalt' while loading NULL.
[2015.06.08-12.48.55:844][649]LogLinker:Warning: Can't find file '/Game/StarterContent/Materials/M_Rock_Basalt'
[2015.06.08-12.48.55:844][649]LogLinker:Warning: Can't find file for asset '/Game/StarterContent/Materials/M_Rock_Basalt' while loading NULL.
[2015.06.08-12.48.55:845][649]LogLinker:Warning: Can't find file '/Game/StarterContent/Materials/M_Rock_Basalt'
[2015.06.08-12.48.55:845][649]LogLinker:Warning: Can't find file for asset '/Game/StarterContent/Materials/M_Rock_Basalt' while loading NULL.
[2015.06.08-12.48.55:845][649]LogLinker:Warning: Can't find file '/Game/StarterContent/Materials/M_Rock_Basalt'
[2015.06.08-12.48.55:846][649]LogLinker:Warning: Can't find file for asset '/Game/StarterContent/Materials/M_Rock_Basalt' while loading NULL.
[2015.06.08-12.48.55:846][649]LogLinker:Warning: Can't find file '/Game/StarterContent/Materials/M_Concrete_Tiles'
[2015.06.08-12.48.55:847][649]LogLinker:Warning: Can't find file for asset '/Game/StarterContent/Materials/M_Concrete_Tiles' while loading NULL.
[2015.06.08-12.48.55:847][649]LogLinker:Warning: Can't find file '/Game/StarterContent/Materials/M_Rock_Basalt'
[2015.06.08-12.48.55:847][649]LogLinker:Warning: Can't find file for asset '/Game/StarterContent/Materials/M_Rock_Basalt' while loading NULL.
[2015.06.08-12.48.55:848][649]LogLinker:Warning: Can't find file '/Game/StarterContent/Materials/M_Rock_Basalt'
[2015.06.08-12.48.55:848][649]LogLinker:Warning: Can't find file for asset '/Game/StarterContent/Materials/M_Rock_Basalt' while loading NULL.
[2015.06.08-12.48.55:849][649]LogLinker:Warning: Can't find file '/Game/StarterContent/Materials/M_Concrete_Tiles'
[2015.06.08-12.48.55:849][649]LoadErrors: Info Failed to load /Game/StarterContent/Materials/M_Concrete_Tiles.M_Concrete_Tiles Referenced by Polys_11
[2015.06.08-12.48.55:849][649]LogLinker:Warning: Can't find file for asset '/Game/StarterContent/Materials/M_Concrete_Tiles' while loading NULL.
[2015.06.08-12.48.55:850][649]LogLinker:Warning: Can't find file '/Game/StarterContent/Materials/M_Rock_Basalt'
[2015.06.08-12.48.55:850][649]LoadErrors: Info Failed to load /Game/StarterContent/Materials/M_Rock_Basalt.M_Rock_Basalt Referenced by Polys_895
[2015.06.08-12.48.55:850][649]LogLinker:Warning: Can't find file for asset '/Game/StarterContent/Materials/M_Rock_Basalt' while loading NULL.
[2015.06.08-12.48.55:850][649]LogLinker:Warning: Can't find file '/Game/StarterContent/Materials/M_Rock_Basalt'
[2015.06.08-12.48.55:851][649]LogLinker:Warning: Can't find file for asset '/Game/StarterContent/Materials/M_Rock_Basalt' while loading NULL.
[2015.06.08-12.48.55:851][649]LogLinker:Warning: Can't find file '/Game/StarterContent/Materials/M_Rock_Basalt'
[2015.06.08-12.48.55:852][649]LogLinker:Warning: Can't find file for asset '/Game/StarterContent/Materials/M_Rock_Basalt' while loading NULL.
[2015.06.08-12.48.55:852][649]LogLinker:Warning: Can't find file '/Game/StarterContent/Materials/M_Concrete_Tiles'
[2015.06.08-12.48.55:853][649]LoadErrors: Info Failed to load /Game/StarterContent/Materials/M_Concrete_Tiles.M_Concrete_Tiles Referenced by Polys_895
[2015.06.08-12.48.55:853][649]LogLinker:Warning: Can't find file for asset '/Game/StarterContent/Materials/M_Concrete_Tiles' while loading NULL.
[2015.06.08-12.48.55:853][649]LogLinker:Warning: Can't find file '/Game/StarterContent/Materials/M_Rock_Basalt'
[2015.06.08-12.48.55:854][649]LoadErrors: Info Failed to load /Game/StarterContent/Materials/M_Rock_Basalt.M_Rock_Basalt Referenced by Polys_1023
[2015.06.08-12.48.55:854][649]LogLinker:Warning: Can't find file for asset '/Game/StarterContent/Materials/M_Rock_Basalt' while loading NULL.
[2015.06.08-12.48.55:854][649]LogLinker:Warning: Can't find file '/Game/StarterContent/Materials/M_Rock_Basalt'
[2015.06.08-12.48.55:855][649]LogLinker:Warning: Can't find file for asset '/Game/StarterContent/Materials/M_Rock_Basalt' while loading NULL.
[2015.06.08-12.48.55:855][649]LogLinker:Warning: Can't find file '/Game/StarterContent/Materials/M_Rock_Basalt'
[2015.06.08-12.48.55:856][649]LogLinker:Warning: Can't find file for asset '/Game/StarterContent/Materials/M_Rock_Basalt' while loading NULL.
[2015.06.08-12.48.55:856][649]LogLinker:Warning: Can't find file '/Game/StarterContent/Materials/M_Concrete_Tiles'
[2015.06.08-12.48.55:856][649]LoadErrors: Info Failed to load /Game/StarterContent/Materials/M_Concrete_Tiles.M_Concrete_Tiles Referenced by Polys_1023
[2015.06.08-12.48.55:857][649]LogLinker:Warning: Can't find file for asset '/Game/StarterContent/Materials/M_Concrete_Tiles' while loading NULL.
[2015.06.08-12.48.55:857][649]LogLinker:Warning: Can't find file '/Game/StarterContent/Materials/M_Rock_Basalt'
[2015.06.08-12.48.55:857][649]LoadErrors: Info Failed to load /Game/StarterContent/Materials/M_Rock_Basalt.M_Rock_Basalt Referenced by Polys_458
[2015.06.08-12.48.55:858][649]LogLinker:Warning: Can't find file for asset '/Game/StarterContent/Materials/M_Rock_Basalt' while loading NULL.
[2015.06.08-12.48.55:858][649]LogLinker:Warning: Can't find file '/Game/StarterContent/Materials/M_Rock_Basalt'
[2015.06.08-12.48.55:858][649]LogLinker:Warning: Can't find file for asset '/Game/StarterContent/Materials/M_Rock_Basalt' while loading NULL.
[2015.06.08-12.48.55:859][649]LogLinker:Warning: Can't find file '/Game/StarterContent/Materials/M_Rock_Basalt'
[2015.06.08-12.48.55:859][649]LogLinker:Warning: Can't find file for asset '/Game/StarterContent/Materials/M_Rock_Basalt' while loading NULL.
[2015.06.08-12.48.55:860][649]LogLinker:Warning: Can't find file '/Game/StarterContent/Materials/M_Concrete_Tiles'
[2015.06.08-12.48.55:860][649]LoadErrors: Info Failed to load /Game/StarterContent/Materials/M_Concrete_Tiles.M_Concrete_Tiles Referenced by Polys_458
[2015.06.08-12.48.55:860][649]LogLinker:Warning: Can't find file for asset '/Game/StarterContent/Materials/M_Concrete_Tiles' while loading NULL.
[2015.06.08-12.48.55:861][649]LogLinker:Warning: Can't find file '/Game/StarterContent/Materials/M_Rock_Basalt'
[2015.06.08-12.48.55:861][649]LoadErrors: Info Failed to load /Game/StarterContent/Materials/M_Rock_Basalt.M_Rock_Basalt Referenced by Polys_60
[2015.06.08-12.48.55:861][649]LogLinker:Warning: Can't find file for asset '/Game/StarterContent/Materials/M_Rock_Basalt' while loading NULL.
[2015.06.08-12.48.55:862][649]LogLinker:Warning: Can't find file '/Game/StarterContent/Materials/M_Rock_Basalt'
[2015.06.08-12.48.55:862][649]LoadErrors: Info Failed to load /Game/StarterContent/Materials/M_Rock_Basalt.M_Rock_Basalt Referenced by Polys_181
[2015.06.08-12.48.55:862][649]LogLinker:Warning: Can't find file for asset '/Game/StarterContent/Materials/M_Rock_Basalt' while loading NULL.
[2015.06.08-12.48.55:863][649]LogLinker:Warning: Can't find file '/Game/StarterContent/Materials/M_Rock_Basalt'
[2015.06.08-12.48.55:863][649]LoadErrors: Info Failed to load /Game/StarterContent/Materials/M_Rock_Basalt.M_Rock_Basalt Referenced by Polys_204
[2015.06.08-12.48.55:863][649]LogLinker:Warning: Can't find file for asset '/Game/StarterContent/Materials/M_Rock_Basalt' while loading NULL.
[2015.06.08-12.48.55:864][649]LogLinker:Warning: Can't find file '/Game/StarterContent/Materials/M_Rock_Basalt'
[2015.06.08-12.48.55:864][649]LoadErrors: Info Failed to load /Game/StarterContent/Materials/M_Rock_Basalt.M_Rock_Basalt Referenced by Polys_278
[2015.06.08-12.48.55:864][649]LogLinker:Warning: Can't find file for asset '/Game/StarterContent/Materials/M_Rock_Basalt' while loading NULL.
[2015.06.08-12.48.55:865][649]LogLinker:Warning: Can't find file '/Game/StarterContent/Materials/M_Rock_Basalt'
[2015.06.08-12.48.55:865][649]LoadErrors: Info Failed to load /Game/StarterContent/Materials/M_Rock_Basalt.M_Rock_Basalt Referenced by Polys_553
[2015.06.08-12.48.55:865][649]LogLinker:Warning: Can't find file for asset '/Game/StarterContent/Materials/M_Rock_Basalt' while loading NULL.
[2015.06.08-12.48.55:866][649]LogLinker:Warning: Can't find file '/Game/StarterContent/Materials/M_Rock_Basalt'
[2015.06.08-12.48.55:866][649]LogLinker:Warning: Can't find file for asset '/Game/StarterContent/Materials/M_Rock_Basalt' while loading NULL.
[2015.06.08-12.48.55:867][649]LogLinker:Warning: Can't find file '/Game/StarterContent/Materials/M_Rock_Basalt'
[2015.06.08-12.48.55:867][649]LogLinker:Warning: Can't find file for asset '/Game/StarterContent/Materials/M_Rock_Basalt' while loading NULL.
[2015.06.08-12.48.55:867][649]LogLinker:Warning: Can't find file '/Game/StarterContent/Materials/M_Concrete_Tiles'
[2015.06.08-12.48.55:868][649]LoadErrors: Info Failed to load /Game/StarterContent/Materials/M_Concrete_Tiles.M_Concrete_Tiles Referenced by Polys_553
[2015.06.08-12.48.55:868][649]LogLinker:Warning: Can't find file for asset '/Game/StarterContent/Materials/M_Concrete_Tiles' while loading NULL.
[2015.06.08-12.48.55:868][649]LogLinker:Warning: Can't find file '/Game/StarterContent/Materials/M_Rock_Basalt'
[2015.06.08-12.48.55:869][649]LoadErrors: Info Failed to load /Game/StarterContent/Materials/M_Rock_Basalt.M_Rock_Basalt Referenced by Polys_630
[2015.06.08-12.48.55:869][649]LogLinker:Warning: Can't find file for asset '/Game/StarterContent/Materials/M_Rock_Basalt' while loading NULL.
[2015.06.08-12.48.55:869][649]LogLinker:Warning: Can't find file '/Game/StarterContent/Materials/M_Rock_Basalt'
[2015.06.08-12.48.55:870][649]LogLinker:Warning: Can't find file for asset '/Game/StarterContent/Materials/M_Rock_Basalt' while loading NULL.
[2015.06.08-12.48.55:870][649]LogLinker:Warning: Can't find file '/Game/StarterContent/Materials/M_Rock_Basalt'
[2015.06.08-12.48.55:871][649]LogLinker:Warning: Can't find file for asset '/Game/StarterContent/Materials/M_Rock_Basalt' while loading NULL.
[2015.06.08-12.48.55:871][649]LogLinker:Warning: Can't find file '/Game/StarterContent/Materials/M_Concrete_Tiles'
[2015.06.08-12.48.55:872][649]LoadErrors: Info Failed to load /Game/StarterContent/Materials/M_Concrete_Tiles.M_Concrete_Tiles Referenced by Polys_630
[2015.06.08-12.48.55:872][649]LogLinker:Warning: Can't find file for asset '/Game/StarterContent/Materials/M_Concrete_Tiles' while loading NULL.
[2015.06.08-12.48.55:872][649]LogLinker:Warning: Can't find file '/Game/StarterContent/Materials/M_Rock_Basalt'
[2015.06.08-12.48.55:873][649]LoadErrors: Info Failed to load /Game/StarterContent/Materials/M_Rock_Basalt.M_Rock_Basalt Referenced by Polys_836
[2015.06.08-12.48.55:873][649]LogLinker:Warning: Can't find file for asset '/Game/StarterContent/Materials/M_Rock_Basalt' while loading NULL.
[2015.06.08-12.48.55:873][649]LogLinker:Warning: Can't find file '/Game/StarterContent/Materials/M_Rock_Basalt'
[2015.06.08-12.48.55:874][649]LogLinker:Warning: Can't find file for asset '/Game/StarterContent/Materials/M_Rock_Basalt' while loading NULL.
[2015.06.08-12.48.55:874][649]LogLinker:Warning: Can't find file '/Game/StarterContent/Materials/M_Rock_Basalt'
[2015.06.08-12.48.55:875][649]LogLinker:Warning: Can't find file for asset '/Game/StarterContent/Materials/M_Rock_Basalt' while loading NULL.
[2015.06.08-12.48.55:875][649]LogLinker:Warning: Can't find file '/Game/StarterContent/Materials/M_Concrete_Tiles'
[2015.06.08-12.48.55:876][649]LoadErrors: Info Failed to load /Game/StarterContent/Materials/M_Concrete_Tiles.M_Concrete_Tiles Referenced by Polys_836
[2015.06.08-12.48.55:876][649]LogLinker:Warning: Can't find file for asset '/Game/StarterContent/Materials/M_Concrete_Tiles' while loading NULL.
[2015.06.08-12.48.55:937][649]Cmd: MAP LOAD FILE="../../../../../../Users/mrgrr/Documents/Unreal Projects/thecubesample/Content/Maps/16x16-2+4.umap" TEMPLATE=0 SHOWPROGRESS=1 FEATURELEVEL=3
[2015.06.08-12.48.55:937][649]LightingResults: New page: Lighting Build
[2015.06.08-12.48.55:973][649]LoadErrors: New page: Loading map: 16x16-2+4.umap
[2015.06.08-12.48.55:974][649]MapCheck: New page: Map Check
[2015.06.08-12.48.55:974][649]LightingResults: New page: Lighting Build
[2015.06.08-12.48.55:988][649]LogParticles: Destroying 0 GPU particle simulations for FXSystem 0x000000000EEE7A60
[2015.06.08-12.48.56:003][649]LogEditorServer: Finished looking for orphan Actors (0.000 secs)
[2015.06.08-12.48.56:004][649]LogAIModule: Creating AISystem for world 16x16-2+4
[2015.06.08-12.48.56:039][649]Cmd: MAP CHECKDEP
[2015.06.08-12.48.56:039][649]MapCheck: New page: 16x16-2+4 - 9/06/2015 12:48:56 pm
[2015.06.08-12.48.56:150][649]MapCheck: Info Map check complete: 0 Error(s), 0 Warning(s), took 110.774ms to complete.
[2015.06.08-12.48.56:151][649]LogFileHelpers: Loading map '16x16-2+4' took 0.217
[2015.06.08-12.49.08:162][367]LogPlayLevel: PIE:  No blueprints needed recompiling
[2015.06.08-12.49.08:163][367]PIE: New page: PIE session: 16x16-2+4 (9/06/2015 12:49:08 pm)
[2015.06.08-12.49.08:168][367]LogPlayLevel: PIE: StaticDuplicateObject took: (0.004933s)
[2015.06.08-12.49.08:169][367]LogPlayLevel: PIE: World Init took: (0.000988s)
[2015.06.08-12.49.08:169][367]LogPlayLevel: PIE: Created PIE world by copying editor world from /Game/Maps/16x16-2+4.16x16-2+4 to /Game/Maps/UEDPIE_0_16x16-2+4.16x16-2+4 (0.006132s)
[2015.06.08-12.49.08:207][367]LogWorld: Game class is 'GameMode'
[2015.06.08-12.49.08:211][367]LogAIModule: Creating AISystem for world 16x16-2+4
[2015.06.08-12.49.08:215][367]LogWorld: Bringing World /Game/Maps/UEDPIE_0_16x16-2+4.16x16-2+4 up for play (max tick rate 0) at 2015.06.09-00.49.08
[2015.06.08-12.49.08:216][367]LogWorld: Bringing up level for play took: 0.004339
[2015.06.08-12.49.08:219][367]PIE: Info Play in editor start time for /Game/Maps/UEDPIE_0_16x16-2+4 0.401
[2015.06.08-12.49.10:561][505]LogParticles: Destroying 0 GPU particle simulations for FXSystem 0x000000001EE47920
[2015.06.08-12.49.18:684][948]LogContentBrowser:Verbose: The content browser source was changed by the sources view to '/Game/Meshes'
[2015.06.08-12.49.19:444][999]LogContentBrowser:Verbose: The content browser source was changed by the sources view to '/Game/Textures'
[2015.06.08-12.49.20:463][ 72]LogSourceControl: RunCommandInternalRaw: 'git status --porcelain --ignored "C:/Users/mrgrr/Documents/Unreal Projects/thecubesample/Content/Textures/crosshair.uasset"'
[2015.06.08-12.49.20:477][ 73]LogSourceControl: RunCommandInternalRaw: ExecProcess ReturnCode=0 OutResults='?? Content/Textures/crosshair.uasset
'
[2015.06.08-12.49.20:491][ 74]LogContentBrowser:Verbose: The content browser source was changed by the sources view to '/Game/Meshes'
[2015.06.08-12.49.21:176][122]LogContentBrowser:Verbose: The content browser source was changed by the sources view to '/Game/Maps'
[2015.06.08-12.49.21:767][150]LogContentBrowser:Verbose: The content browser source was changed by the sources view to '/Game/Blueprints'
[2015.06.08-12.49.22:761][215]LogContentBrowser:Verbose: The content browser source was changed by the sources view to '/Game/Animations'
[2015.06.08-12.49.23:789][281]LogSourceControl: RunCommandInternalRaw: 'git status --porcelain --ignored "C:/Users/mrgrr/Documents/Unreal Projects/thecubesample/Content/Animations/FPP_Fire.uasset" "C:/Users/mrgrr/Documents/Unreal Projects/thecubesample/Content/Animations/FPP_Fire_Montage.uasset" "C:/Users/mrgrr/Documents/Unreal Projects/thecubesample/Content/Animations/FPP_Idle.uasset" "C:/Users/mrgrr/Documents/Unreal Projects/thecubesample/Content/Animations/FPP_JumpEnd.uasset" "C:/Users/mrgrr/Documents/Unreal Projects/thecubesample/Content/Animations/FPP_JumpLoop.uasset" "C:/Users/mrgrr/Documents/Unreal Projects/thecubesample/Content/Animations/FPP_JumpStart.uasset" "C:/Users/mrgrr/Documents/Unreal Projects/thecubesample/Content/Animations/FPP_Run.uasset"'
[2015.06.08-12.49.23:805][282]LogSourceControl: RunCommandInternalRaw: ExecProcess ReturnCode=0 OutResults='?? Content/Animations/FPP_Fire.uasset
?? Content/Animations/FPP_Fire_Montage.uasset
?? Content/Animations/FPP_Idle.uasset
?? Content/Animations/FPP_JumpEnd.uasset
?? Content/Animations/FPP_JumpLoop.uasset
?? Content/Animations/FPP_JumpStart.uasset
?? Content/Animations/FPP_Run.uasset
'
[2015.06.08-12.49.25:430][393]LogContentBrowser:Verbose: The content browser source was changed by the sources view to '/Game/Meshes'
[2015.06.08-12.49.26:016][432]LogContentBrowser:Verbose: The content browser source was changed by the sources view to '/Game/Textures'
[2015.06.08-12.49.26:784][486]LogContentBrowser:Verbose: The content browser source was changed by the sources view to '/Game/Meshes'
[2015.06.08-12.49.27:801][549]LogSourceControl: RunCommandInternalRaw: 'git status --porcelain --ignored "C:/Users/mrgrr/Documents/Unreal Projects/thecubesample/Content/Meshes/Slab10x10.uasset" "C:/Users/mrgrr/Documents/Unreal Projects/thecubesample/Content/Meshes/TemplateCube_Rounded.uasset"'
[2015.06.08-12.49.27:817][550]LogSourceControl: RunCommandInternalRaw: ExecProcess ReturnCode=0 OutResults='?? Content/Meshes/Slab10x10.uasset
?? Content/Meshes/TemplateCube_Rounded.uasset
'
[2015.06.08-12.49.31:057][740]Cmd: QUIT_EDITOR
[2015.06.08-12.49.31:412][740]LogExit: Preparing to exit.
[2015.06.08-12.49.31:857][740]LogExit: Editor shut down
[2015.06.08-12.49.31:858][740]LogExit: Transaction tracking system shut down
[2015.06.08-12.49.31:859][740]LogParticles: Destroying 0 GPU particle simulations for FXSystem 0x0000000015E55800
[2015.06.08-12.49.31:925][740]LogParticles: Destroying 0 GPU particle simulations for FXSystem 0x000000000A892C00
[2015.06.08-12.49.31:925][740]LogExit: Object subsystem successfully closed.
[2015.06.08-12.49.31:985][740]LogModuleManager: Shutting down and abandoning module CrashTracker (177)
[2015.06.08-12.49.31:985][740]LogModuleManager: Shutting down and abandoning module SuperSearch (176)
[2015.06.08-12.49.31:985][740]LogModuleManager: Shutting down and abandoning module SceneOutliner (175)
[2015.06.08-12.49.31:985][740]LogModuleManager: Shutting down and abandoning module EditorWidgets (174)
[2015.06.08-12.49.31:985][740]LogModuleManager: Shutting down and abandoning module CollectionManager (173)
[2015.06.08-12.49.31:985][740]LogModuleManager: Shutting down and abandoning module StatsViewer (172)
[2015.06.08-12.49.31:985][740]LogModuleManager: Shutting down and abandoning module FoliageEdit (171)
[2015.06.08-12.49.31:985][740]LogModuleManager: Shutting down and abandoning module LandscapeEditor (170)
[2015.06.08-12.49.31:985][740]LogModuleManager: Shutting down and abandoning module MeshPaint (169)
[2015.06.08-12.49.31:985][740]LogModuleManager: Shutting down and abandoning module ActorPickerMode (168)
[2015.06.08-12.49.31:985][740]LogModuleManager: Shutting down and abandoning module GeometryMode (167)
[2015.06.08-12.49.31:985][740]LogModuleManager: Shutting down and abandoning module TextureAlignMode (166)
[2015.06.08-12.49.31:985][740]LogModuleManager: Shutting down and abandoning module BspMode (165)
[2015.06.08-12.49.31:985][740]LogModuleManager: Shutting down and abandoning module PlacementMode (164)
[2015.06.08-12.49.31:985][740]LogModuleManager: Shutting down and abandoning module AutomationWorker (163)
[2015.06.08-12.49.31:985][740]LogModuleManager: Shutting down and abandoning module CharacterAI (162)
[2015.06.08-12.49.31:985][740]LogModuleManager: Shutting down and abandoning module SmartSnapping (161)
[2015.06.08-12.49.31:986][740]LogModuleManager: Shutting down and abandoning module ViewportSnapping (160)
[2015.06.08-12.49.31:986][740]LogModuleManager: Shutting down and abandoning module LogVisualizer (159)
[2015.06.08-12.49.31:986][740]LogModuleManager: Shutting down and abandoning module GameProjectGeneration (158)
[2015.06.08-12.49.31:986][740]LogModuleManager: Shutting down and abandoning module IntroTutorials (157)
[2015.06.08-12.49.31:986][740]LogModuleManager: Shutting down and abandoning module EditorLiveStreaming (156)
[2015.06.08-12.49.31:986][740]LogModuleManager: Shutting down and abandoning module HardwareTargeting (155)
[2015.06.08-12.49.31:986][740]LogModuleManager: Shutting down and abandoning module DeviceProfileEditor (154)
[2015.06.08-12.49.31:986][740]LogModuleManager: Shutting down and abandoning module UndoHistory (153)
[2015.06.08-12.49.31:986][740]LogModuleManager: Shutting down and abandoning module GameplayTagsEditor (152)
[2015.06.08-12.49.31:986][740]LogModuleManager: Shutting down and abandoning module UserFeedback (151)
[2015.06.08-12.49.31:986][740]LogModuleManager: Shutting down and abandoning module XmlParser (150)
[2015.06.08-12.49.31:986][740]LogModuleManager: Shutting down and abandoning module Blutility (149)
[2015.06.08-12.49.31:986][740]LogModuleManager: Shutting down and abandoning module IOSPlatformEditor (148)
[2015.06.08-12.49.31:986][740]LogModuleManager: Shutting down and abandoning module IOSRuntimeSettings (147)
[2015.06.08-12.49.31:986][740]LogModuleManager: Shutting down and abandoning module AndroidDeviceDetection (146)
[2015.06.08-12.49.32:634][740]LogModuleManager: Shutting down and abandoning module AndroidPlatformEditor (145)
[2015.06.08-12.49.32:634][740]LogModuleManager: Shutting down and abandoning module AndroidRuntimeSettings (144)
[2015.06.08-12.49.32:634][740]LogModuleManager: Shutting down and abandoning module ProjectTargetPlatformEditor (143)
[2015.06.08-12.49.32:634][740]LogModuleManager: Shutting down and abandoning module ProjectSettingsViewer (142)
[2015.06.08-12.49.32:634][740]LogModuleManager: Shutting down and abandoning module InputBindingEditor (141)
[2015.06.08-12.49.32:634][740]LogModuleManager: Shutting down and abandoning module EditorSettingsViewer (140)
[2015.06.08-12.49.32:634][740]LogModuleManager: Shutting down and abandoning module SettingsEditor (139)
[2015.06.08-12.49.32:634][740]LogModuleManager: Shutting down and abandoning module ProjectLauncher (138)
[2015.06.08-12.49.32:634][740]LogModuleManager: Shutting down and abandoning module SessionFrontend (137)
[2015.06.08-12.49.32:634][740]LogModuleManager: Shutting down and abandoning module ProfilerClient (136)
[2015.06.08-12.49.32:634][740]LogModuleManager: Shutting down and abandoning module TargetDeviceServices (135)
[2015.06.08-12.49.32:634][740]LogModuleManager: Shutting down and abandoning module DeviceManager (134)
[2015.06.08-12.49.32:634][740]LogModuleManager: Shutting down and abandoning module AutomationController (133)
[2015.06.08-12.49.32:635][740]LogModuleManager: Shutting down and abandoning module AutomationWindow (132)
[2015.06.08-12.49.32:635][740]LogModuleManager: Shutting down and abandoning module Layers (131)
[2015.06.08-12.49.32:635][740]LogModuleManager: Shutting down and abandoning module ComponentVisualizers (130)
[2015.06.08-12.49.32:635][740]LogModuleManager: Shutting down and abandoning module DetailCustomizations (129)
[2015.06.08-12.49.32:635][740]LogModuleManager: Shutting down and abandoning module PackagesDialog (128)
[2015.06.08-12.49.32:635][740]LogModuleManager: Shutting down and abandoning module AssetRegistry (127)
[2015.06.08-12.49.32:739][740]LogModuleManager: Shutting down and abandoning module Persona (126)
[2015.06.08-12.49.32:739][740]LogModuleManager: Shutting down and abandoning module SlateReflector (125)
[2015.06.08-12.49.32:739][740]LogModuleManager: Shutting down and abandoning module LevelEditor (124)
[2015.06.08-12.49.32:741][740]LogModuleManager: Shutting down and abandoning module Kismet (123)
[2015.06.08-12.49.32:741][740]LogModuleManager: Shutting down and abandoning module GraphEditor (122)
[2015.06.08-12.49.32:741][740]LogModuleManager: Shutting down and abandoning module ClassViewer (121)
[2015.06.08-12.49.32:741][740]LogModuleManager: Shutting down and abandoning module Toolbox (120)
[2015.06.08-12.49.32:741][740]LogModuleManager: Shutting down and abandoning module ModuleUI (119)
[2015.06.08-12.49.32:741][740]LogModuleManager: Shutting down and abandoning module MovieSceneTools (118)
[2015.06.08-12.49.32:741][740]LogModuleManager: Shutting down and abandoning module OutputLog (117)
[2015.06.08-12.49.32:741][740]LogModuleManager: Shutting down and abandoning module GammaUI (116)
[2015.06.08-12.49.32:741][740]LogModuleManager: Shutting down and abandoning module Documentation (115)
[2015.06.08-12.49.32:741][740]LogModuleManager: Shutting down and abandoning module GameLiveStreaming (114)
[2015.06.08-12.49.32:741][740]LogModuleManager: Shutting down and abandoning module StreamingPauseRendering (113)
[2015.06.08-12.49.32:741][740]LogModuleManager: Shutting down and abandoning module HTTP (112)
[2015.06.08-12.49.32:741][740]LogModuleManager: Shutting down and abandoning module AnalyticsET (111)
[2015.06.08-12.49.32:741][740]LogModuleManager: Shutting down and abandoning module Analytics (110)
[2015.06.08-12.49.32:741][740]LogModuleManager: Shutting down and abandoning module AITestSuite (109)
[2015.06.08-12.49.32:741][740]LogModuleManager: Shutting down and abandoning module GameplayDebugger (108)
[2015.06.08-12.49.32:741][740]LogModuleManager: Shutting down and abandoning module AIModule (107)
[2015.06.08-12.49.32:741][740]LogModuleManager: Shutting down and abandoning module ProfilerService (106)
[2015.06.08-12.49.32:840][740]LogModuleManager: Shutting down and abandoning module TaskGraph (105)
[2015.06.08-12.49.32:840][740]LogModuleManager: Shutting down and abandoning module SlateRemote (104)
[2015.06.08-12.49.32:840][740]LogModuleManager: Shutting down and abandoning module ScriptEditorPlugin (103)
[2015.06.08-12.49.32:840][740]LogModuleManager: Shutting down and abandoning module CustomMeshComponent (102)
[2015.06.08-12.49.32:840][740]LogModuleManager: Shutting down and abandoning module CableComponent (101)
[2015.06.08-12.49.32:840][740]LogModuleManager: Shutting down and abandoning module MessagingDebugger (100)
[2015.06.08-12.49.32:840][740]LogModuleManager: Shutting down and abandoning module MediaPlayerEditor (99)
[2015.06.08-12.49.32:840][740]LogModuleManager: Shutting down and abandoning module SpeedTreeImporter (98)
[2015.06.08-12.49.32:840][740]LogModuleManager: Shutting down and abandoning module PluginsEditor (97)
[2015.06.08-12.49.32:840][740]LogModuleManager: Shutting down and abandoning module MainFrame (96)
[2015.06.08-12.49.32:840][740]LogModuleManager: Shutting down and abandoning module EpicSurvey (95)
[2015.06.08-12.49.32:840][740]LogModuleManager: Shutting down and abandoning module DesktopPlatform (94)
[2015.06.08-12.49.32:840][740]LogModuleManager: Shutting down and abandoning module DirectoryWatcher (93)
[2015.06.08-12.49.32:841][740]LogModuleManager: Shutting down and abandoning module HotReload (92)
[2015.06.08-12.49.32:841][740]LogModuleManager: Shutting down and abandoning module VisualStudioSourceCodeAccess (91)
[2015.06.08-12.49.32:841][740]LogModuleManager: Shutting down and abandoning module UObjectPlugin (90)
[2015.06.08-12.49.32:841][740]LogModuleManager: Shutting down and abandoning module SubversionSourceControl (89)
[2015.06.08-12.49.32:841][740]LogModuleManager: Shutting down and abandoning module PerforceSourceControl (88)
[2015.06.08-12.49.32:841][740]LogModuleManager: Shutting down and abandoning module SourceControl (87)
[2015.06.08-12.49.32:841][740]LogModuleManager: Shutting down and abandoning module GitSourceControl (86)
[2015.06.08-12.49.32:841][740]LogModuleManager: Shutting down and abandoning module BlankPlugin (85)
[2015.06.08-12.49.32:841][740]LogModuleManager: Shutting down and abandoning module PaperTiledImporter (84)
[2015.06.08-12.49.32:841][740]LogModuleManager: Shutting down and abandoning module PaperJsonImporter (83)
[2015.06.08-12.49.32:841][740]LogModuleManager: Shutting down and abandoning module ContentBrowser (82)
[2015.06.08-12.49.32:842][740]LogModuleManager: Shutting down and abandoning module Paper2DEditor (81)
[2015.06.08-12.49.32:842][740]LogModuleManager: Shutting down and abandoning module ScriptPlugin (80)
[2015.06.08-12.49.32:842][740]LogModuleManager: Shutting down and abandoning module UdpMessaging (79)
[2015.06.08-12.49.32:942][740]LogModuleManager: Shutting down and abandoning module Paper2D (78)
[2015.06.08-12.49.32:942][740]LogModuleManager: Shutting down and abandoning module WindowsMoviePlayer (77)
[2015.06.08-12.49.32:946][740]LogModuleManager: Shutting down and abandoning module Media (76)
[2015.06.08-12.49.32:947][740]LogModuleManager: Shutting down and abandoning module WmfMedia (75)
[2015.06.08-12.49.32:947][740]LogModuleManager: Shutting down and abandoning module OnlineBlueprintSupport (74)
[2015.06.08-12.49.32:947][740]LogModuleManager: Shutting down and abandoning module PropertyEditor (73)
[2015.06.08-12.49.32:947][740]LogModuleManager: Shutting down and abandoning module BehaviorTreeEditor (72)
[2015.06.08-12.49.32:947][740]LogModuleManager: Shutting down and abandoning module FunctionalTesting (71)
[2015.06.08-12.49.32:947][740]LogModuleManager: Shutting down and abandoning module CollisionAnalyzer (70)
[2015.06.08-12.49.32:947][740]LogModuleManager: Shutting down and abandoning module WorkspaceMenuStructure (69)
[2015.06.08-12.49.32:947][740]LogModuleManager: Shutting down and abandoning module MessageLog (68)
[2015.06.08-12.49.32:947][740]LogModuleManager: Shutting down and abandoning module Sequencer (67)
[2015.06.08-12.49.32:947][740]LogModuleManager: Shutting down and abandoning module AssetTools (66)
[2015.06.08-12.49.32:947][740]LogModuleManager: Shutting down and abandoning module UMGEditor (65)
[2015.06.08-12.49.32:947][740]LogModuleManager: Shutting down and abandoning module UMG (64)
[2015.06.08-12.49.32:947][740]LogModuleManager: Shutting down and abandoning module Slate (63)
[2015.06.08-12.49.32:947][740]LogModuleManager: Shutting down and abandoning module EditorStyle (62)
[2015.06.08-12.49.32:954][740]LogModuleManager: Shutting down and abandoning module SessionServices (61)
[2015.06.08-12.49.32:954][740]LogModuleManager: Shutting down and abandoning module SourceCodeAccess (60)
[2015.06.08-12.49.32:954][740]LogModuleManager: Shutting down and abandoning module HeadMountedDisplay (59)
[2015.06.08-12.49.32:954][740]LogModuleManager: Shutting down and abandoning module XAudio2 (58)
[2015.06.08-12.49.32:954][740]LogModuleManager: Shutting down and abandoning module Networking (56)
[2015.06.08-12.49.32:954][740]LogModuleManager: Shutting down and abandoning module Core (55)
[2015.06.08-12.49.32:954][740]LogModuleManager: Shutting down and abandoning module KismetCompiler (54)
[2015.06.08-12.49.32:954][740]LogModuleManager: Shutting down and abandoning module PhysXFormats (53)
[2015.06.08-12.49.32:954][740]LogModuleManager: Shutting down and abandoning module MeshUtilities (52)
[2015.06.08-12.49.32:954][740]LogModuleManager: Shutting down and abandoning module DerivedDataCache (51)
[2015.06.08-12.49.33:384][740]LogDerivedDataCache: Shutdown
[2015.06.08-12.49.33:384][740]LogModuleManager: Shutting down and abandoning module ShaderFormatOpenGL (50)
[2015.06.08-12.49.33:384][740]LogModuleManager: Shutting down and abandoning module ShaderFormatD3D (49)
[2015.06.08-12.49.33:384][740]LogModuleManager: Shutting down and abandoning module MetalShaderFormat (48)
[2015.06.08-12.49.33:384][740]LogModuleManager: Shutting down and abandoning module TextureFormatUncompressed (47)
[2015.06.08-12.49.33:384][740]LogModuleManager: Shutting down and abandoning module TextureFormatPVR (46)
[2015.06.08-12.49.33:384][740]LogModuleManager: Shutting down and abandoning module TextureFormatIntelISPCTexComp (45)
[2015.06.08-12.49.33:384][740]LogModuleManager: Shutting down and abandoning module TextureFormatDXT (44)
[2015.06.08-12.49.33:384][740]LogModuleManager: Shutting down and abandoning module ImageWrapper (43)
[2015.06.08-12.49.33:384][740]LogModuleManager: Shutting down and abandoning module TextureFormatASTC (42)
[2015.06.08-12.49.33:384][740]LogModuleManager: Shutting down and abandoning module TextureFormatAndroid (41)
[2015.06.08-12.49.33:384][740]LogModuleManager: Shutting down and abandoning module AudioFormatOpus (40)
[2015.06.08-12.49.33:384][740]LogModuleManager: Shutting down and abandoning module AudioFormatOgg (39)
[2015.06.08-12.49.33:384][740]LogModuleManager: Shutting down and abandoning module AudioFormatADPCM (38)
[2015.06.08-12.49.33:384][740]LogModuleManager: Shutting down and abandoning module LinuxTargetPlatform (37)
[2015.06.08-12.49.33:384][740]LogModuleManager: Shutting down and abandoning module LinuxServerTargetPlatform (36)
[2015.06.08-12.49.33:384][740]LogModuleManager: Shutting down and abandoning module LinuxNoEditorTargetPlatform (35)
[2015.06.08-12.49.33:384][740]LogModuleManager: Shutting down and abandoning module Messaging (34)
[2015.06.08-12.49.33:384][740]LogModuleManager: Shutting down and abandoning module IOSTargetPlatform (33)
[2015.06.08-12.49.33:384][740]LogModuleManager: Shutting down and abandoning module HTML5TargetPlatform (32)
[2015.06.08-12.49.33:384][740]LogModuleManager: Shutting down and abandoning module Android_PVRTCTargetPlatform (31)
[2015.06.08-12.49.33:384][740]LogModuleManager: Shutting down and abandoning module Android_ETC2TargetPlatform (30)
[2015.06.08-12.49.33:384][740]LogModuleManager: Shutting down and abandoning module Android_ETC1TargetPlatform (29)
[2015.06.08-12.49.33:384][740]LogModuleManager: Shutting down and abandoning module Android_ES31TargetPlatform (28)
[2015.06.08-12.49.33:384][740]LogModuleManager: Shutting down and abandoning module Android_DXTTargetPlatform (27)
[2015.06.08-12.49.33:384][740]LogModuleManager: Shutting down and abandoning module Android_ATCTargetPlatform (26)
[2015.06.08-12.49.33:384][740]LogModuleManager: Shutting down and abandoning module AndroidTargetPlatform (25)
[2015.06.08-12.49.33:384][740]LogModuleManager: Shutting down and abandoning module WindowsTargetPlatform (24)
[2015.06.08-12.49.33:384][740]LogModuleManager: Shutting down and abandoning module WindowsServerTargetPlatform (23)
[2015.06.08-12.49.33:384][740]LogModuleManager: Shutting down and abandoning module WindowsNoEditorTargetPlatform (22)
[2015.06.08-12.49.33:384][740]LogModuleManager: Shutting down and abandoning module WindowsClientTargetPlatform (21)
[2015.06.08-12.49.33:384][740]LogModuleManager: Shutting down and abandoning module TargetPlatform (20)
[2015.06.08-12.49.33:385][740]LogModuleManager: Shutting down and abandoning module InputCore (19)
[2015.06.08-12.49.33:385][740]LogModuleManager: Shutting down and abandoning module Settings (18)
[2015.06.08-12.49.33:385][740]LogModuleManager: Shutting down and abandoning module OnlineSubsystem (16)
[2015.06.08-12.49.33:385][740]LogModuleManager: Shutting down and abandoning module OculusRift (15)
[2015.06.08-12.49.33:385][740]LogModuleManager: Shutting down and abandoning module ExampleDeviceProfileSelector (14)
[2015.06.08-12.49.33:385][740]LogModuleManager: Shutting down and abandoning module TextureCompressor (13)
[2015.06.08-12.49.33:385][740]LogModuleManager: Shutting down and abandoning module ShaderCore (12)
[2015.06.08-12.49.33:385][740]LogModuleManager: Shutting down and abandoning module Landscape (11)
[2015.06.08-12.49.33:385][740]LogModuleManager: Shutting down and abandoning module SlateRHIRenderer (10)
[2015.06.08-12.49.33:389][740]LogModuleManager: Shutting down and abandoning module OpenGLDrv (9)
[2015.06.08-12.49.33:389][740]LogModuleManager: Shutting down and abandoning module D3D11RHI (8)
[2015.06.08-12.49.33:389][740]LogModuleManager: Shutting down and abandoning module Renderer (7)
[2015.06.08-12.49.33:389][740]LogModuleManager: Shutting down and abandoning module Engine (6)
[2015.06.08-12.49.33:389][740]LogModuleManager: Shutting down and abandoning module CoreUObject (5)
[2015.06.08-12.49.33:389][740]LogModuleManager: Shutting down and abandoning module NetworkFile (4)
[2015.06.08-12.49.33:389][740]LogModuleManager: Shutting down and abandoning module StreamingFile (3)
[2015.06.08-12.49.33:389][740]LogModuleManager: Shutting down and abandoning module SandboxFile (2)
[2015.06.08-12.49.33:389][740]LogModuleManager: Shutting down and abandoning module PakFile (1)
[2015.06.08-12.49.33:390][740]LogExit: Exiting.
[2015.06.08-12.49.33:419][740]Log file closed, 06/09/15 00:49:33
